ARM GAS  C:\Users\Admin\AppData\Local\Temp\ccnUgPIl.s 			page 1


   1              		.cpu cortex-m4
   2              		.arch armv7e-m
   3              		.fpu fpv4-sp-d16
   4              		.eabi_attribute 27, 1
   5              		.eabi_attribute 28, 1
   6              		.eabi_attribute 20, 1
   7              		.eabi_attribute 21, 1
   8              		.eabi_attribute 23, 3
   9              		.eabi_attribute 24, 1
  10              		.eabi_attribute 25, 1
  11              		.eabi_attribute 26, 1
  12              		.eabi_attribute 30, 6
  13              		.eabi_attribute 34, 1
  14              		.eabi_attribute 18, 4
  15              		.file	"misc.c"
  16              		.text
  17              	.Ltext0:
  18              		.cfi_sections	.debug_frame
  19              		.section	.text.NVIC_PriorityGroupConfig,"ax",%progbits
  20              		.align	1
  21              		.global	NVIC_PriorityGroupConfig
  22              		.syntax unified
  23              		.thumb
  24              		.thumb_func
  26              	NVIC_PriorityGroupConfig:
  27              	.LFB130:
  28              		.file 1 "Drivers/STM32F4xx_StdPeriph_Driver/src/misc.c"
   1:Drivers/STM32F4xx_StdPeriph_Driver/src/misc.c **** /**
   2:Drivers/STM32F4xx_StdPeriph_Driver/src/misc.c ****   ******************************************************************************
   3:Drivers/STM32F4xx_StdPeriph_Driver/src/misc.c ****   * @file    misc.c
   4:Drivers/STM32F4xx_StdPeriph_Driver/src/misc.c ****   * @author  MCD Application Team
   5:Drivers/STM32F4xx_StdPeriph_Driver/src/misc.c ****   * @version V1.8.0
   6:Drivers/STM32F4xx_StdPeriph_Driver/src/misc.c ****   * @date    04-November-2016
   7:Drivers/STM32F4xx_StdPeriph_Driver/src/misc.c ****   * @brief   This file provides all the miscellaneous firmware functions (add-on
   8:Drivers/STM32F4xx_StdPeriph_Driver/src/misc.c ****   *          to CMSIS functions).
   9:Drivers/STM32F4xx_StdPeriph_Driver/src/misc.c ****   *          
  10:Drivers/STM32F4xx_StdPeriph_Driver/src/misc.c ****   *  @verbatim   
  11:Drivers/STM32F4xx_StdPeriph_Driver/src/misc.c ****   *                               
  12:Drivers/STM32F4xx_StdPeriph_Driver/src/misc.c ****   *          ===================================================================      
  13:Drivers/STM32F4xx_StdPeriph_Driver/src/misc.c ****   *                        How to configure Interrupts using driver 
  14:Drivers/STM32F4xx_StdPeriph_Driver/src/misc.c ****   *          ===================================================================      
  15:Drivers/STM32F4xx_StdPeriph_Driver/src/misc.c ****   * 
  16:Drivers/STM32F4xx_StdPeriph_Driver/src/misc.c ****   *            This section provide functions allowing to configure the NVIC interrupts (IRQ).
  17:Drivers/STM32F4xx_StdPeriph_Driver/src/misc.c ****   *            The Cortex-M4 exceptions are managed by CMSIS functions.
  18:Drivers/STM32F4xx_StdPeriph_Driver/src/misc.c ****   *
  19:Drivers/STM32F4xx_StdPeriph_Driver/src/misc.c ****   *            1. Configure the NVIC Priority Grouping using NVIC_PriorityGroupConfig()
  20:Drivers/STM32F4xx_StdPeriph_Driver/src/misc.c ****   *                function according to the following table.
  21:Drivers/STM32F4xx_StdPeriph_Driver/src/misc.c ****  
  22:Drivers/STM32F4xx_StdPeriph_Driver/src/misc.c ****   *  The table below gives the allowed values of the pre-emption priority and subpriority according
  23:Drivers/STM32F4xx_StdPeriph_Driver/src/misc.c ****   *  to the Priority Grouping configuration performed by NVIC_PriorityGroupConfig function
  24:Drivers/STM32F4xx_StdPeriph_Driver/src/misc.c ****   *    ============================================================================================
  25:Drivers/STM32F4xx_StdPeriph_Driver/src/misc.c ****   *      NVIC_PriorityGroup   | NVIC_IRQChannelPreemptionPriority | NVIC_IRQChannelSubPriority  |  
  26:Drivers/STM32F4xx_StdPeriph_Driver/src/misc.c ****   *    ============================================================================================
  27:Drivers/STM32F4xx_StdPeriph_Driver/src/misc.c ****   *     NVIC_PriorityGroup_0  |                0                  |            0-15             | 0
  28:Drivers/STM32F4xx_StdPeriph_Driver/src/misc.c ****   *                           |                                   |                             | 4
  29:Drivers/STM32F4xx_StdPeriph_Driver/src/misc.c ****   *    --------------------------------------------------------------------------------------------
  30:Drivers/STM32F4xx_StdPeriph_Driver/src/misc.c ****   *     NVIC_PriorityGroup_1  |                0-1                |            0-7              | 1
ARM GAS  C:\Users\Admin\AppData\Local\Temp\ccnUgPIl.s 			page 2


  31:Drivers/STM32F4xx_StdPeriph_Driver/src/misc.c ****   *                           |                                   |                             | 3
  32:Drivers/STM32F4xx_StdPeriph_Driver/src/misc.c ****   *    --------------------------------------------------------------------------------------------
  33:Drivers/STM32F4xx_StdPeriph_Driver/src/misc.c ****   *     NVIC_PriorityGroup_2  |                0-3                |            0-3              | 2
  34:Drivers/STM32F4xx_StdPeriph_Driver/src/misc.c ****   *                           |                                   |                             | 2
  35:Drivers/STM32F4xx_StdPeriph_Driver/src/misc.c ****   *    --------------------------------------------------------------------------------------------
  36:Drivers/STM32F4xx_StdPeriph_Driver/src/misc.c ****   *     NVIC_PriorityGroup_3  |                0-7                |            0-1              | 3
  37:Drivers/STM32F4xx_StdPeriph_Driver/src/misc.c ****   *                           |                                   |                             | 1
  38:Drivers/STM32F4xx_StdPeriph_Driver/src/misc.c ****   *    --------------------------------------------------------------------------------------------
  39:Drivers/STM32F4xx_StdPeriph_Driver/src/misc.c ****   *     NVIC_PriorityGroup_4  |                0-15               |            0                | 4
  40:Drivers/STM32F4xx_StdPeriph_Driver/src/misc.c ****   *                           |                                   |                             | 0
  41:Drivers/STM32F4xx_StdPeriph_Driver/src/misc.c ****   *    ============================================================================================
  42:Drivers/STM32F4xx_StdPeriph_Driver/src/misc.c ****   *
  43:Drivers/STM32F4xx_StdPeriph_Driver/src/misc.c ****   *            2. Enable and Configure the priority of the selected IRQ Channels using NVIC_Init() 
  44:Drivers/STM32F4xx_StdPeriph_Driver/src/misc.c ****   *
  45:Drivers/STM32F4xx_StdPeriph_Driver/src/misc.c ****   * @note  When the NVIC_PriorityGroup_0 is selected, IRQ pre-emption is no more possible. 
  46:Drivers/STM32F4xx_StdPeriph_Driver/src/misc.c ****   *        The pending IRQ priority will be managed only by the subpriority.
  47:Drivers/STM32F4xx_StdPeriph_Driver/src/misc.c ****   *
  48:Drivers/STM32F4xx_StdPeriph_Driver/src/misc.c ****   * @note  IRQ priority order (sorted by highest to lowest priority):
  49:Drivers/STM32F4xx_StdPeriph_Driver/src/misc.c ****   *         - Lowest pre-emption priority
  50:Drivers/STM32F4xx_StdPeriph_Driver/src/misc.c ****   *         - Lowest subpriority
  51:Drivers/STM32F4xx_StdPeriph_Driver/src/misc.c ****   *         - Lowest hardware priority (IRQ number)
  52:Drivers/STM32F4xx_StdPeriph_Driver/src/misc.c ****   *
  53:Drivers/STM32F4xx_StdPeriph_Driver/src/misc.c ****   *  @endverbatim
  54:Drivers/STM32F4xx_StdPeriph_Driver/src/misc.c ****   *
  55:Drivers/STM32F4xx_StdPeriph_Driver/src/misc.c ****   ******************************************************************************
  56:Drivers/STM32F4xx_StdPeriph_Driver/src/misc.c ****   * @attention
  57:Drivers/STM32F4xx_StdPeriph_Driver/src/misc.c ****   *
  58:Drivers/STM32F4xx_StdPeriph_Driver/src/misc.c ****   * <h2><center>&copy; COPYRIGHT 2016 STMicroelectronics</center></h2>
  59:Drivers/STM32F4xx_StdPeriph_Driver/src/misc.c ****   *
  60:Drivers/STM32F4xx_StdPeriph_Driver/src/misc.c ****   * Licensed under MCD-ST Liberty SW License Agreement V2, (the "License");
  61:Drivers/STM32F4xx_StdPeriph_Driver/src/misc.c ****   * You may not use this file except in compliance with the License.
  62:Drivers/STM32F4xx_StdPeriph_Driver/src/misc.c ****   * You may obtain a copy of the License at:
  63:Drivers/STM32F4xx_StdPeriph_Driver/src/misc.c ****   *
  64:Drivers/STM32F4xx_StdPeriph_Driver/src/misc.c ****   *        http://www.st.com/software_license_agreement_liberty_v2
  65:Drivers/STM32F4xx_StdPeriph_Driver/src/misc.c ****   *
  66:Drivers/STM32F4xx_StdPeriph_Driver/src/misc.c ****   * Unless required by applicable law or agreed to in writing, software 
  67:Drivers/STM32F4xx_StdPeriph_Driver/src/misc.c ****   * distributed under the License is distributed on an "AS IS" BASIS, 
  68:Drivers/STM32F4xx_StdPeriph_Driver/src/misc.c ****   * WITHOUT WARRANTIES OR CONDITIONS OF ANY KIND, either express or implied.
  69:Drivers/STM32F4xx_StdPeriph_Driver/src/misc.c ****   * See the License for the specific language governing permissions and
  70:Drivers/STM32F4xx_StdPeriph_Driver/src/misc.c ****   * limitations under the License.
  71:Drivers/STM32F4xx_StdPeriph_Driver/src/misc.c ****   *
  72:Drivers/STM32F4xx_StdPeriph_Driver/src/misc.c ****   ******************************************************************************
  73:Drivers/STM32F4xx_StdPeriph_Driver/src/misc.c ****   */
  74:Drivers/STM32F4xx_StdPeriph_Driver/src/misc.c **** 
  75:Drivers/STM32F4xx_StdPeriph_Driver/src/misc.c **** /* Includes ------------------------------------------------------------------*/
  76:Drivers/STM32F4xx_StdPeriph_Driver/src/misc.c **** #include "misc.h"
  77:Drivers/STM32F4xx_StdPeriph_Driver/src/misc.c **** 
  78:Drivers/STM32F4xx_StdPeriph_Driver/src/misc.c **** /** @addtogroup STM32F4xx_StdPeriph_Driver
  79:Drivers/STM32F4xx_StdPeriph_Driver/src/misc.c ****   * @{
  80:Drivers/STM32F4xx_StdPeriph_Driver/src/misc.c ****   */
  81:Drivers/STM32F4xx_StdPeriph_Driver/src/misc.c **** 
  82:Drivers/STM32F4xx_StdPeriph_Driver/src/misc.c **** /** @defgroup MISC 
  83:Drivers/STM32F4xx_StdPeriph_Driver/src/misc.c ****   * @brief MISC driver modules
  84:Drivers/STM32F4xx_StdPeriph_Driver/src/misc.c ****   * @{
  85:Drivers/STM32F4xx_StdPeriph_Driver/src/misc.c ****   */
  86:Drivers/STM32F4xx_StdPeriph_Driver/src/misc.c **** 
  87:Drivers/STM32F4xx_StdPeriph_Driver/src/misc.c **** /* Private typedef -----------------------------------------------------------*/
ARM GAS  C:\Users\Admin\AppData\Local\Temp\ccnUgPIl.s 			page 3


  88:Drivers/STM32F4xx_StdPeriph_Driver/src/misc.c **** /* Private define ------------------------------------------------------------*/
  89:Drivers/STM32F4xx_StdPeriph_Driver/src/misc.c **** #define AIRCR_VECTKEY_MASK    ((uint32_t)0x05FA0000)
  90:Drivers/STM32F4xx_StdPeriph_Driver/src/misc.c **** 
  91:Drivers/STM32F4xx_StdPeriph_Driver/src/misc.c **** /* Private macro -------------------------------------------------------------*/
  92:Drivers/STM32F4xx_StdPeriph_Driver/src/misc.c **** /* Private variables ---------------------------------------------------------*/
  93:Drivers/STM32F4xx_StdPeriph_Driver/src/misc.c **** /* Private function prototypes -----------------------------------------------*/
  94:Drivers/STM32F4xx_StdPeriph_Driver/src/misc.c **** /* Private functions ---------------------------------------------------------*/
  95:Drivers/STM32F4xx_StdPeriph_Driver/src/misc.c **** 
  96:Drivers/STM32F4xx_StdPeriph_Driver/src/misc.c **** /** @defgroup MISC_Private_Functions
  97:Drivers/STM32F4xx_StdPeriph_Driver/src/misc.c ****   * @{
  98:Drivers/STM32F4xx_StdPeriph_Driver/src/misc.c ****   */
  99:Drivers/STM32F4xx_StdPeriph_Driver/src/misc.c **** 
 100:Drivers/STM32F4xx_StdPeriph_Driver/src/misc.c **** /**
 101:Drivers/STM32F4xx_StdPeriph_Driver/src/misc.c ****   * @brief  Configures the priority grouping: pre-emption priority and subpriority.
 102:Drivers/STM32F4xx_StdPeriph_Driver/src/misc.c ****   * @param  NVIC_PriorityGroup: specifies the priority grouping bits length. 
 103:Drivers/STM32F4xx_StdPeriph_Driver/src/misc.c ****   *   This parameter can be one of the following values:
 104:Drivers/STM32F4xx_StdPeriph_Driver/src/misc.c ****   *     @arg NVIC_PriorityGroup_0: 0 bits for pre-emption priority
 105:Drivers/STM32F4xx_StdPeriph_Driver/src/misc.c ****   *                                4 bits for subpriority
 106:Drivers/STM32F4xx_StdPeriph_Driver/src/misc.c ****   *     @arg NVIC_PriorityGroup_1: 1 bits for pre-emption priority
 107:Drivers/STM32F4xx_StdPeriph_Driver/src/misc.c ****   *                                3 bits for subpriority
 108:Drivers/STM32F4xx_StdPeriph_Driver/src/misc.c ****   *     @arg NVIC_PriorityGroup_2: 2 bits for pre-emption priority
 109:Drivers/STM32F4xx_StdPeriph_Driver/src/misc.c ****   *                                2 bits for subpriority
 110:Drivers/STM32F4xx_StdPeriph_Driver/src/misc.c ****   *     @arg NVIC_PriorityGroup_3: 3 bits for pre-emption priority
 111:Drivers/STM32F4xx_StdPeriph_Driver/src/misc.c ****   *                                1 bits for subpriority
 112:Drivers/STM32F4xx_StdPeriph_Driver/src/misc.c ****   *     @arg NVIC_PriorityGroup_4: 4 bits for pre-emption priority
 113:Drivers/STM32F4xx_StdPeriph_Driver/src/misc.c ****   *                                0 bits for subpriority
 114:Drivers/STM32F4xx_StdPeriph_Driver/src/misc.c ****   * @note   When the NVIC_PriorityGroup_0 is selected, IRQ pre-emption is no more possible. 
 115:Drivers/STM32F4xx_StdPeriph_Driver/src/misc.c ****   *         The pending IRQ priority will be managed only by the subpriority. 
 116:Drivers/STM32F4xx_StdPeriph_Driver/src/misc.c ****   * @retval None
 117:Drivers/STM32F4xx_StdPeriph_Driver/src/misc.c ****   */
 118:Drivers/STM32F4xx_StdPeriph_Driver/src/misc.c **** void NVIC_PriorityGroupConfig(uint32_t NVIC_PriorityGroup)
 119:Drivers/STM32F4xx_StdPeriph_Driver/src/misc.c **** {
  29              		.loc 1 119 1
  30              		.cfi_startproc
  31              		@ args = 0, pretend = 0, frame = 8
  32              		@ frame_needed = 1, uses_anonymous_args = 0
  33              		@ link register save eliminated.
  34 0000 80B4     		push	{r7}
  35              	.LCFI0:
  36              		.cfi_def_cfa_offset 4
  37              		.cfi_offset 7, -4
  38 0002 83B0     		sub	sp, sp, #12
  39              	.LCFI1:
  40              		.cfi_def_cfa_offset 16
  41 0004 00AF     		add	r7, sp, #0
  42              	.LCFI2:
  43              		.cfi_def_cfa_register 7
  44 0006 7860     		str	r0, [r7, #4]
 120:Drivers/STM32F4xx_StdPeriph_Driver/src/misc.c ****   /* Check the parameters */
 121:Drivers/STM32F4xx_StdPeriph_Driver/src/misc.c ****   assert_param(IS_NVIC_PRIORITY_GROUP(NVIC_PriorityGroup));
 122:Drivers/STM32F4xx_StdPeriph_Driver/src/misc.c ****   
 123:Drivers/STM32F4xx_StdPeriph_Driver/src/misc.c ****   /* Set the PRIGROUP[10:8] bits according to NVIC_PriorityGroup value */
 124:Drivers/STM32F4xx_StdPeriph_Driver/src/misc.c ****   SCB->AIRCR = AIRCR_VECTKEY_MASK | NVIC_PriorityGroup;
  45              		.loc 1 124 6
  46 0008 064A     		ldr	r2, .L2
  47              		.loc 1 124 35
  48 000a 7B68     		ldr	r3, [r7, #4]
ARM GAS  C:\Users\Admin\AppData\Local\Temp\ccnUgPIl.s 			page 4


  49 000c 43F0BF63 		orr	r3, r3, #100139008
  50 0010 43F40033 		orr	r3, r3, #131072
  51              		.loc 1 124 14
  52 0014 D360     		str	r3, [r2, #12]
 125:Drivers/STM32F4xx_StdPeriph_Driver/src/misc.c **** }
  53              		.loc 1 125 1
  54 0016 00BF     		nop
  55 0018 0C37     		adds	r7, r7, #12
  56              	.LCFI3:
  57              		.cfi_def_cfa_offset 4
  58 001a BD46     		mov	sp, r7
  59              	.LCFI4:
  60              		.cfi_def_cfa_register 13
  61              		@ sp needed
  62 001c 5DF8047B 		ldr	r7, [sp], #4
  63              	.LCFI5:
  64              		.cfi_restore 7
  65              		.cfi_def_cfa_offset 0
  66 0020 7047     		bx	lr
  67              	.L3:
  68 0022 00BF     		.align	2
  69              	.L2:
  70 0024 00ED00E0 		.word	-536810240
  71              		.cfi_endproc
  72              	.LFE130:
  74              		.section	.text.NVIC_Init,"ax",%progbits
  75              		.align	1
  76              		.global	NVIC_Init
  77              		.syntax unified
  78              		.thumb
  79              		.thumb_func
  81              	NVIC_Init:
  82              	.LFB131:
 126:Drivers/STM32F4xx_StdPeriph_Driver/src/misc.c **** 
 127:Drivers/STM32F4xx_StdPeriph_Driver/src/misc.c **** /**
 128:Drivers/STM32F4xx_StdPeriph_Driver/src/misc.c ****   * @brief  Initializes the NVIC peripheral according to the specified
 129:Drivers/STM32F4xx_StdPeriph_Driver/src/misc.c ****   *         parameters in the NVIC_InitStruct.
 130:Drivers/STM32F4xx_StdPeriph_Driver/src/misc.c ****   * @note   To configure interrupts priority correctly, the NVIC_PriorityGroupConfig()
 131:Drivers/STM32F4xx_StdPeriph_Driver/src/misc.c ****   *         function should be called before. 
 132:Drivers/STM32F4xx_StdPeriph_Driver/src/misc.c ****   * @param  NVIC_InitStruct: pointer to a NVIC_InitTypeDef structure that contains
 133:Drivers/STM32F4xx_StdPeriph_Driver/src/misc.c ****   *         the configuration information for the specified NVIC peripheral.
 134:Drivers/STM32F4xx_StdPeriph_Driver/src/misc.c ****   * @retval None
 135:Drivers/STM32F4xx_StdPeriph_Driver/src/misc.c ****   */
 136:Drivers/STM32F4xx_StdPeriph_Driver/src/misc.c **** void NVIC_Init(NVIC_InitTypeDef* NVIC_InitStruct)
 137:Drivers/STM32F4xx_StdPeriph_Driver/src/misc.c **** {
  83              		.loc 1 137 1
  84              		.cfi_startproc
  85              		@ args = 0, pretend = 0, frame = 16
  86              		@ frame_needed = 1, uses_anonymous_args = 0
  87              		@ link register save eliminated.
  88 0000 80B4     		push	{r7}
  89              	.LCFI6:
  90              		.cfi_def_cfa_offset 4
  91              		.cfi_offset 7, -4
  92 0002 85B0     		sub	sp, sp, #20
  93              	.LCFI7:
  94              		.cfi_def_cfa_offset 24
ARM GAS  C:\Users\Admin\AppData\Local\Temp\ccnUgPIl.s 			page 5


  95 0004 00AF     		add	r7, sp, #0
  96              	.LCFI8:
  97              		.cfi_def_cfa_register 7
  98 0006 7860     		str	r0, [r7, #4]
 138:Drivers/STM32F4xx_StdPeriph_Driver/src/misc.c ****   uint8_t tmppriority = 0x00, tmppre = 0x00, tmpsub = 0x0F;
  99              		.loc 1 138 11
 100 0008 0023     		movs	r3, #0
 101 000a FB73     		strb	r3, [r7, #15]
 102              		.loc 1 138 31
 103 000c 0023     		movs	r3, #0
 104 000e BB73     		strb	r3, [r7, #14]
 105              		.loc 1 138 46
 106 0010 0F23     		movs	r3, #15
 107 0012 7B73     		strb	r3, [r7, #13]
 139:Drivers/STM32F4xx_StdPeriph_Driver/src/misc.c ****   
 140:Drivers/STM32F4xx_StdPeriph_Driver/src/misc.c ****   /* Check the parameters */
 141:Drivers/STM32F4xx_StdPeriph_Driver/src/misc.c ****   assert_param(IS_FUNCTIONAL_STATE(NVIC_InitStruct->NVIC_IRQChannelCmd));
 142:Drivers/STM32F4xx_StdPeriph_Driver/src/misc.c ****   assert_param(IS_NVIC_PREEMPTION_PRIORITY(NVIC_InitStruct->NVIC_IRQChannelPreemptionPriority));  
 143:Drivers/STM32F4xx_StdPeriph_Driver/src/misc.c ****   assert_param(IS_NVIC_SUB_PRIORITY(NVIC_InitStruct->NVIC_IRQChannelSubPriority));
 144:Drivers/STM32F4xx_StdPeriph_Driver/src/misc.c ****     
 145:Drivers/STM32F4xx_StdPeriph_Driver/src/misc.c ****   if (NVIC_InitStruct->NVIC_IRQChannelCmd != DISABLE)
 108              		.loc 1 145 22
 109 0014 7B68     		ldr	r3, [r7, #4]
 110 0016 DB78     		ldrb	r3, [r3, #3]	@ zero_extendqisi2
 111              		.loc 1 145 6
 112 0018 002B     		cmp	r3, #0
 113 001a 39D0     		beq	.L5
 146:Drivers/STM32F4xx_StdPeriph_Driver/src/misc.c ****   {
 147:Drivers/STM32F4xx_StdPeriph_Driver/src/misc.c ****     /* Compute the Corresponding IRQ Priority --------------------------------*/    
 148:Drivers/STM32F4xx_StdPeriph_Driver/src/misc.c ****     tmppriority = (0x700 - ((SCB->AIRCR) & (uint32_t)0x700))>> 0x08;
 114              		.loc 1 148 33
 115 001c 274B     		ldr	r3, .L8
 116 001e DB68     		ldr	r3, [r3, #12]
 117              		.loc 1 148 26
 118 0020 DB43     		mvns	r3, r3
 119              		.loc 1 148 61
 120 0022 1B0A     		lsrs	r3, r3, #8
 121 0024 DBB2     		uxtb	r3, r3
 122              		.loc 1 148 17
 123 0026 03F00703 		and	r3, r3, #7
 124 002a FB73     		strb	r3, [r7, #15]
 149:Drivers/STM32F4xx_StdPeriph_Driver/src/misc.c ****     tmppre = (0x4 - tmppriority);
 125              		.loc 1 149 12
 126 002c FB7B     		ldrb	r3, [r7, #15]
 127 002e C3F10403 		rsb	r3, r3, #4
 128 0032 BB73     		strb	r3, [r7, #14]
 150:Drivers/STM32F4xx_StdPeriph_Driver/src/misc.c ****     tmpsub = tmpsub >> tmppriority;
 129              		.loc 1 150 21
 130 0034 7A7B     		ldrb	r2, [r7, #13]	@ zero_extendqisi2
 131 0036 FB7B     		ldrb	r3, [r7, #15]	@ zero_extendqisi2
 132 0038 42FA03F3 		asr	r3, r2, r3
 133              		.loc 1 150 12
 134 003c 7B73     		strb	r3, [r7, #13]
 151:Drivers/STM32F4xx_StdPeriph_Driver/src/misc.c **** 
 152:Drivers/STM32F4xx_StdPeriph_Driver/src/misc.c ****     tmppriority = NVIC_InitStruct->NVIC_IRQChannelPreemptionPriority << tmppre;
 135              		.loc 1 152 34
 136 003e 7B68     		ldr	r3, [r7, #4]
ARM GAS  C:\Users\Admin\AppData\Local\Temp\ccnUgPIl.s 			page 6


 137 0040 5B78     		ldrb	r3, [r3, #1]	@ zero_extendqisi2
 138 0042 1A46     		mov	r2, r3
 139              		.loc 1 152 70
 140 0044 BB7B     		ldrb	r3, [r7, #14]	@ zero_extendqisi2
 141 0046 02FA03F3 		lsl	r3, r2, r3
 142              		.loc 1 152 17
 143 004a FB73     		strb	r3, [r7, #15]
 153:Drivers/STM32F4xx_StdPeriph_Driver/src/misc.c ****     tmppriority |=  (uint8_t)(NVIC_InitStruct->NVIC_IRQChannelSubPriority & tmpsub);
 144              		.loc 1 153 46
 145 004c 7B68     		ldr	r3, [r7, #4]
 146 004e 9A78     		ldrb	r2, [r3, #2]	@ zero_extendqisi2
 147              		.loc 1 153 21
 148 0050 7B7B     		ldrb	r3, [r7, #13]
 149 0052 1340     		ands	r3, r3, r2
 150 0054 DAB2     		uxtb	r2, r3
 151              		.loc 1 153 17
 152 0056 FB7B     		ldrb	r3, [r7, #15]
 153 0058 1343     		orrs	r3, r3, r2
 154 005a FB73     		strb	r3, [r7, #15]
 154:Drivers/STM32F4xx_StdPeriph_Driver/src/misc.c ****         
 155:Drivers/STM32F4xx_StdPeriph_Driver/src/misc.c ****     tmppriority = tmppriority << 0x04;
 155              		.loc 1 155 17
 156 005c FB7B     		ldrb	r3, [r7, #15]
 157 005e 1B01     		lsls	r3, r3, #4
 158 0060 FB73     		strb	r3, [r7, #15]
 156:Drivers/STM32F4xx_StdPeriph_Driver/src/misc.c ****         
 157:Drivers/STM32F4xx_StdPeriph_Driver/src/misc.c ****     NVIC->IP[NVIC_InitStruct->NVIC_IRQChannel] = tmppriority;
 159              		.loc 1 157 9
 160 0062 174A     		ldr	r2, .L8+4
 161              		.loc 1 157 29
 162 0064 7B68     		ldr	r3, [r7, #4]
 163 0066 1B78     		ldrb	r3, [r3]	@ zero_extendqisi2
 164              		.loc 1 157 48
 165 0068 1344     		add	r3, r3, r2
 166 006a FA7B     		ldrb	r2, [r7, #15]
 167 006c 83F80023 		strb	r2, [r3, #768]
 158:Drivers/STM32F4xx_StdPeriph_Driver/src/misc.c ****     
 159:Drivers/STM32F4xx_StdPeriph_Driver/src/misc.c ****     /* Enable the Selected IRQ Channels --------------------------------------*/
 160:Drivers/STM32F4xx_StdPeriph_Driver/src/misc.c ****     NVIC->ISER[NVIC_InitStruct->NVIC_IRQChannel >> 0x05] =
 161:Drivers/STM32F4xx_StdPeriph_Driver/src/misc.c ****       (uint32_t)0x01 << (NVIC_InitStruct->NVIC_IRQChannel & (uint8_t)0x1F);
 168              		.loc 1 161 41
 169 0070 7B68     		ldr	r3, [r7, #4]
 170 0072 1B78     		ldrb	r3, [r3]	@ zero_extendqisi2
 171              		.loc 1 161 59
 172 0074 03F01F03 		and	r3, r3, #31
 160:Drivers/STM32F4xx_StdPeriph_Driver/src/misc.c ****       (uint32_t)0x01 << (NVIC_InitStruct->NVIC_IRQChannel & (uint8_t)0x1F);
 173              		.loc 1 160 9
 174 0078 1149     		ldr	r1, .L8+4
 160:Drivers/STM32F4xx_StdPeriph_Driver/src/misc.c ****       (uint32_t)0x01 << (NVIC_InitStruct->NVIC_IRQChannel & (uint8_t)0x1F);
 175              		.loc 1 160 31
 176 007a 7A68     		ldr	r2, [r7, #4]
 177 007c 1278     		ldrb	r2, [r2]	@ zero_extendqisi2
 160:Drivers/STM32F4xx_StdPeriph_Driver/src/misc.c ****       (uint32_t)0x01 << (NVIC_InitStruct->NVIC_IRQChannel & (uint8_t)0x1F);
 178              		.loc 1 160 49
 179 007e 5209     		lsrs	r2, r2, #5
 180 0080 D2B2     		uxtb	r2, r2
 181 0082 1046     		mov	r0, r2
ARM GAS  C:\Users\Admin\AppData\Local\Temp\ccnUgPIl.s 			page 7


 182              		.loc 1 161 22
 183 0084 0122     		movs	r2, #1
 184 0086 02FA03F3 		lsl	r3, r2, r3
 160:Drivers/STM32F4xx_StdPeriph_Driver/src/misc.c ****       (uint32_t)0x01 << (NVIC_InitStruct->NVIC_IRQChannel & (uint8_t)0x1F);
 185              		.loc 1 160 58
 186 008a 41F82030 		str	r3, [r1, r0, lsl #2]
 162:Drivers/STM32F4xx_StdPeriph_Driver/src/misc.c ****   }
 163:Drivers/STM32F4xx_StdPeriph_Driver/src/misc.c ****   else
 164:Drivers/STM32F4xx_StdPeriph_Driver/src/misc.c ****   {
 165:Drivers/STM32F4xx_StdPeriph_Driver/src/misc.c ****     /* Disable the Selected IRQ Channels -------------------------------------*/
 166:Drivers/STM32F4xx_StdPeriph_Driver/src/misc.c ****     NVIC->ICER[NVIC_InitStruct->NVIC_IRQChannel >> 0x05] =
 167:Drivers/STM32F4xx_StdPeriph_Driver/src/misc.c ****       (uint32_t)0x01 << (NVIC_InitStruct->NVIC_IRQChannel & (uint8_t)0x1F);
 168:Drivers/STM32F4xx_StdPeriph_Driver/src/misc.c ****   }
 169:Drivers/STM32F4xx_StdPeriph_Driver/src/misc.c **** }
 187              		.loc 1 169 1
 188 008e 0FE0     		b	.L7
 189              	.L5:
 167:Drivers/STM32F4xx_StdPeriph_Driver/src/misc.c ****   }
 190              		.loc 1 167 41
 191 0090 7B68     		ldr	r3, [r7, #4]
 192 0092 1B78     		ldrb	r3, [r3]	@ zero_extendqisi2
 167:Drivers/STM32F4xx_StdPeriph_Driver/src/misc.c ****   }
 193              		.loc 1 167 59
 194 0094 03F01F03 		and	r3, r3, #31
 166:Drivers/STM32F4xx_StdPeriph_Driver/src/misc.c ****       (uint32_t)0x01 << (NVIC_InitStruct->NVIC_IRQChannel & (uint8_t)0x1F);
 195              		.loc 1 166 9
 196 0098 0949     		ldr	r1, .L8+4
 166:Drivers/STM32F4xx_StdPeriph_Driver/src/misc.c ****       (uint32_t)0x01 << (NVIC_InitStruct->NVIC_IRQChannel & (uint8_t)0x1F);
 197              		.loc 1 166 31
 198 009a 7A68     		ldr	r2, [r7, #4]
 199 009c 1278     		ldrb	r2, [r2]	@ zero_extendqisi2
 166:Drivers/STM32F4xx_StdPeriph_Driver/src/misc.c ****       (uint32_t)0x01 << (NVIC_InitStruct->NVIC_IRQChannel & (uint8_t)0x1F);
 200              		.loc 1 166 49
 201 009e 5209     		lsrs	r2, r2, #5
 202 00a0 D2B2     		uxtb	r2, r2
 203 00a2 1046     		mov	r0, r2
 167:Drivers/STM32F4xx_StdPeriph_Driver/src/misc.c ****   }
 204              		.loc 1 167 22
 205 00a4 0122     		movs	r2, #1
 206 00a6 9A40     		lsls	r2, r2, r3
 166:Drivers/STM32F4xx_StdPeriph_Driver/src/misc.c ****       (uint32_t)0x01 << (NVIC_InitStruct->NVIC_IRQChannel & (uint8_t)0x1F);
 207              		.loc 1 166 58
 208 00a8 00F12003 		add	r3, r0, #32
 209 00ac 41F82320 		str	r2, [r1, r3, lsl #2]
 210              	.L7:
 211              		.loc 1 169 1
 212 00b0 00BF     		nop
 213 00b2 1437     		adds	r7, r7, #20
 214              	.LCFI9:
 215              		.cfi_def_cfa_offset 4
 216 00b4 BD46     		mov	sp, r7
 217              	.LCFI10:
 218              		.cfi_def_cfa_register 13
 219              		@ sp needed
 220 00b6 5DF8047B 		ldr	r7, [sp], #4
 221              	.LCFI11:
 222              		.cfi_restore 7
ARM GAS  C:\Users\Admin\AppData\Local\Temp\ccnUgPIl.s 			page 8


 223              		.cfi_def_cfa_offset 0
 224 00ba 7047     		bx	lr
 225              	.L9:
 226              		.align	2
 227              	.L8:
 228 00bc 00ED00E0 		.word	-536810240
 229 00c0 00E100E0 		.word	-536813312
 230              		.cfi_endproc
 231              	.LFE131:
 233              		.section	.text.NVIC_SetVectorTable,"ax",%progbits
 234              		.align	1
 235              		.global	NVIC_SetVectorTable
 236              		.syntax unified
 237              		.thumb
 238              		.thumb_func
 240              	NVIC_SetVectorTable:
 241              	.LFB132:
 170:Drivers/STM32F4xx_StdPeriph_Driver/src/misc.c **** 
 171:Drivers/STM32F4xx_StdPeriph_Driver/src/misc.c **** /**
 172:Drivers/STM32F4xx_StdPeriph_Driver/src/misc.c ****   * @brief  Sets the vector table location and Offset.
 173:Drivers/STM32F4xx_StdPeriph_Driver/src/misc.c ****   * @param  NVIC_VectTab: specifies if the vector table is in RAM or FLASH memory.
 174:Drivers/STM32F4xx_StdPeriph_Driver/src/misc.c ****   *   This parameter can be one of the following values:
 175:Drivers/STM32F4xx_StdPeriph_Driver/src/misc.c ****   *     @arg NVIC_VectTab_RAM: Vector Table in internal SRAM.
 176:Drivers/STM32F4xx_StdPeriph_Driver/src/misc.c ****   *     @arg NVIC_VectTab_FLASH: Vector Table in internal FLASH.
 177:Drivers/STM32F4xx_StdPeriph_Driver/src/misc.c ****   * @param  Offset: Vector Table base offset field. This value must be a multiple of 0x200.
 178:Drivers/STM32F4xx_StdPeriph_Driver/src/misc.c ****   * @retval None
 179:Drivers/STM32F4xx_StdPeriph_Driver/src/misc.c ****   */
 180:Drivers/STM32F4xx_StdPeriph_Driver/src/misc.c **** void NVIC_SetVectorTable(uint32_t NVIC_VectTab, uint32_t Offset)
 181:Drivers/STM32F4xx_StdPeriph_Driver/src/misc.c **** { 
 242              		.loc 1 181 1
 243              		.cfi_startproc
 244              		@ args = 0, pretend = 0, frame = 8
 245              		@ frame_needed = 1, uses_anonymous_args = 0
 246              		@ link register save eliminated.
 247 0000 80B4     		push	{r7}
 248              	.LCFI12:
 249              		.cfi_def_cfa_offset 4
 250              		.cfi_offset 7, -4
 251 0002 83B0     		sub	sp, sp, #12
 252              	.LCFI13:
 253              		.cfi_def_cfa_offset 16
 254 0004 00AF     		add	r7, sp, #0
 255              	.LCFI14:
 256              		.cfi_def_cfa_register 7
 257 0006 7860     		str	r0, [r7, #4]
 258 0008 3960     		str	r1, [r7]
 182:Drivers/STM32F4xx_StdPeriph_Driver/src/misc.c ****   /* Check the parameters */
 183:Drivers/STM32F4xx_StdPeriph_Driver/src/misc.c ****   assert_param(IS_NVIC_VECTTAB(NVIC_VectTab));
 184:Drivers/STM32F4xx_StdPeriph_Driver/src/misc.c ****   assert_param(IS_NVIC_OFFSET(Offset));  
 185:Drivers/STM32F4xx_StdPeriph_Driver/src/misc.c ****    
 186:Drivers/STM32F4xx_StdPeriph_Driver/src/misc.c ****   SCB->VTOR = NVIC_VectTab | (Offset & (uint32_t)0x1FFFFF80);
 259              		.loc 1 186 38
 260 000a 3B68     		ldr	r3, [r7]
 261 000c 23F06043 		bic	r3, r3, #-536870912
 262 0010 23F07F03 		bic	r3, r3, #127
 263              		.loc 1 186 6
 264 0014 0449     		ldr	r1, .L11
ARM GAS  C:\Users\Admin\AppData\Local\Temp\ccnUgPIl.s 			page 9


 265              		.loc 1 186 28
 266 0016 7A68     		ldr	r2, [r7, #4]
 267 0018 1343     		orrs	r3, r3, r2
 268              		.loc 1 186 13
 269 001a 8B60     		str	r3, [r1, #8]
 187:Drivers/STM32F4xx_StdPeriph_Driver/src/misc.c **** }
 270              		.loc 1 187 1
 271 001c 00BF     		nop
 272 001e 0C37     		adds	r7, r7, #12
 273              	.LCFI15:
 274              		.cfi_def_cfa_offset 4
 275 0020 BD46     		mov	sp, r7
 276              	.LCFI16:
 277              		.cfi_def_cfa_register 13
 278              		@ sp needed
 279 0022 5DF8047B 		ldr	r7, [sp], #4
 280              	.LCFI17:
 281              		.cfi_restore 7
 282              		.cfi_def_cfa_offset 0
 283 0026 7047     		bx	lr
 284              	.L12:
 285              		.align	2
 286              	.L11:
 287 0028 00ED00E0 		.word	-536810240
 288              		.cfi_endproc
 289              	.LFE132:
 291              		.section	.text.NVIC_SystemLPConfig,"ax",%progbits
 292              		.align	1
 293              		.global	NVIC_SystemLPConfig
 294              		.syntax unified
 295              		.thumb
 296              		.thumb_func
 298              	NVIC_SystemLPConfig:
 299              	.LFB133:
 188:Drivers/STM32F4xx_StdPeriph_Driver/src/misc.c **** 
 189:Drivers/STM32F4xx_StdPeriph_Driver/src/misc.c **** /**
 190:Drivers/STM32F4xx_StdPeriph_Driver/src/misc.c ****   * @brief  Selects the condition for the system to enter low power mode.
 191:Drivers/STM32F4xx_StdPeriph_Driver/src/misc.c ****   * @param  LowPowerMode: Specifies the new mode for the system to enter low power mode.
 192:Drivers/STM32F4xx_StdPeriph_Driver/src/misc.c ****   *   This parameter can be one of the following values:
 193:Drivers/STM32F4xx_StdPeriph_Driver/src/misc.c ****   *     @arg NVIC_LP_SEVONPEND: Low Power SEV on Pend.
 194:Drivers/STM32F4xx_StdPeriph_Driver/src/misc.c ****   *     @arg NVIC_LP_SLEEPDEEP: Low Power DEEPSLEEP request.
 195:Drivers/STM32F4xx_StdPeriph_Driver/src/misc.c ****   *     @arg NVIC_LP_SLEEPONEXIT: Low Power Sleep on Exit.
 196:Drivers/STM32F4xx_StdPeriph_Driver/src/misc.c ****   * @param  NewState: new state of LP condition. This parameter can be: ENABLE or DISABLE.
 197:Drivers/STM32F4xx_StdPeriph_Driver/src/misc.c ****   * @retval None
 198:Drivers/STM32F4xx_StdPeriph_Driver/src/misc.c ****   */
 199:Drivers/STM32F4xx_StdPeriph_Driver/src/misc.c **** void NVIC_SystemLPConfig(uint8_t LowPowerMode, FunctionalState NewState)
 200:Drivers/STM32F4xx_StdPeriph_Driver/src/misc.c **** {
 300              		.loc 1 200 1
 301              		.cfi_startproc
 302              		@ args = 0, pretend = 0, frame = 8
 303              		@ frame_needed = 1, uses_anonymous_args = 0
 304              		@ link register save eliminated.
 305 0000 80B4     		push	{r7}
 306              	.LCFI18:
 307              		.cfi_def_cfa_offset 4
 308              		.cfi_offset 7, -4
 309 0002 83B0     		sub	sp, sp, #12
ARM GAS  C:\Users\Admin\AppData\Local\Temp\ccnUgPIl.s 			page 10


 310              	.LCFI19:
 311              		.cfi_def_cfa_offset 16
 312 0004 00AF     		add	r7, sp, #0
 313              	.LCFI20:
 314              		.cfi_def_cfa_register 7
 315 0006 0346     		mov	r3, r0
 316 0008 0A46     		mov	r2, r1
 317 000a FB71     		strb	r3, [r7, #7]
 318 000c 1346     		mov	r3, r2
 319 000e BB71     		strb	r3, [r7, #6]
 201:Drivers/STM32F4xx_StdPeriph_Driver/src/misc.c ****   /* Check the parameters */
 202:Drivers/STM32F4xx_StdPeriph_Driver/src/misc.c ****   assert_param(IS_NVIC_LP(LowPowerMode));
 203:Drivers/STM32F4xx_StdPeriph_Driver/src/misc.c ****   assert_param(IS_FUNCTIONAL_STATE(NewState));  
 204:Drivers/STM32F4xx_StdPeriph_Driver/src/misc.c ****   
 205:Drivers/STM32F4xx_StdPeriph_Driver/src/misc.c ****   if (NewState != DISABLE)
 320              		.loc 1 205 6
 321 0010 BB79     		ldrb	r3, [r7, #6]	@ zero_extendqisi2
 322 0012 002B     		cmp	r3, #0
 323 0014 06D0     		beq	.L14
 206:Drivers/STM32F4xx_StdPeriph_Driver/src/misc.c ****   {
 207:Drivers/STM32F4xx_StdPeriph_Driver/src/misc.c ****     SCB->SCR |= LowPowerMode;
 324              		.loc 1 207 14
 325 0016 0A4B     		ldr	r3, .L17
 326 0018 1A69     		ldr	r2, [r3, #16]
 327 001a FB79     		ldrb	r3, [r7, #7]	@ zero_extendqisi2
 328 001c 0849     		ldr	r1, .L17
 329 001e 1343     		orrs	r3, r3, r2
 330 0020 0B61     		str	r3, [r1, #16]
 208:Drivers/STM32F4xx_StdPeriph_Driver/src/misc.c ****   }
 209:Drivers/STM32F4xx_StdPeriph_Driver/src/misc.c ****   else
 210:Drivers/STM32F4xx_StdPeriph_Driver/src/misc.c ****   {
 211:Drivers/STM32F4xx_StdPeriph_Driver/src/misc.c ****     SCB->SCR &= (uint32_t)(~(uint32_t)LowPowerMode);
 212:Drivers/STM32F4xx_StdPeriph_Driver/src/misc.c ****   }
 213:Drivers/STM32F4xx_StdPeriph_Driver/src/misc.c **** }
 331              		.loc 1 213 1
 332 0022 06E0     		b	.L16
 333              	.L14:
 211:Drivers/STM32F4xx_StdPeriph_Driver/src/misc.c ****   }
 334              		.loc 1 211 14
 335 0024 064B     		ldr	r3, .L17
 336 0026 1A69     		ldr	r2, [r3, #16]
 211:Drivers/STM32F4xx_StdPeriph_Driver/src/misc.c ****   }
 337              		.loc 1 211 29
 338 0028 FB79     		ldrb	r3, [r7, #7]	@ zero_extendqisi2
 211:Drivers/STM32F4xx_StdPeriph_Driver/src/misc.c ****   }
 339              		.loc 1 211 17
 340 002a DB43     		mvns	r3, r3
 211:Drivers/STM32F4xx_StdPeriph_Driver/src/misc.c ****   }
 341              		.loc 1 211 14
 342 002c 0449     		ldr	r1, .L17
 343 002e 1340     		ands	r3, r3, r2
 344 0030 0B61     		str	r3, [r1, #16]
 345              	.L16:
 346              		.loc 1 213 1
 347 0032 00BF     		nop
 348 0034 0C37     		adds	r7, r7, #12
 349              	.LCFI21:
ARM GAS  C:\Users\Admin\AppData\Local\Temp\ccnUgPIl.s 			page 11


 350              		.cfi_def_cfa_offset 4
 351 0036 BD46     		mov	sp, r7
 352              	.LCFI22:
 353              		.cfi_def_cfa_register 13
 354              		@ sp needed
 355 0038 5DF8047B 		ldr	r7, [sp], #4
 356              	.LCFI23:
 357              		.cfi_restore 7
 358              		.cfi_def_cfa_offset 0
 359 003c 7047     		bx	lr
 360              	.L18:
 361 003e 00BF     		.align	2
 362              	.L17:
 363 0040 00ED00E0 		.word	-536810240
 364              		.cfi_endproc
 365              	.LFE133:
 367              		.section	.text.SysTick_CLKSourceConfig,"ax",%progbits
 368              		.align	1
 369              		.global	SysTick_CLKSourceConfig
 370              		.syntax unified
 371              		.thumb
 372              		.thumb_func
 374              	SysTick_CLKSourceConfig:
 375              	.LFB134:
 214:Drivers/STM32F4xx_StdPeriph_Driver/src/misc.c **** 
 215:Drivers/STM32F4xx_StdPeriph_Driver/src/misc.c **** /**
 216:Drivers/STM32F4xx_StdPeriph_Driver/src/misc.c ****   * @brief  Configures the SysTick clock source.
 217:Drivers/STM32F4xx_StdPeriph_Driver/src/misc.c ****   * @param  SysTick_CLKSource: specifies the SysTick clock source.
 218:Drivers/STM32F4xx_StdPeriph_Driver/src/misc.c ****   *   This parameter can be one of the following values:
 219:Drivers/STM32F4xx_StdPeriph_Driver/src/misc.c ****   *     @arg SysTick_CLKSource_HCLK_Div8: AHB clock divided by 8 selected as SysTick clock source.
 220:Drivers/STM32F4xx_StdPeriph_Driver/src/misc.c ****   *     @arg SysTick_CLKSource_HCLK: AHB clock selected as SysTick clock source.
 221:Drivers/STM32F4xx_StdPeriph_Driver/src/misc.c ****   * @retval None
 222:Drivers/STM32F4xx_StdPeriph_Driver/src/misc.c ****   */
 223:Drivers/STM32F4xx_StdPeriph_Driver/src/misc.c **** void SysTick_CLKSourceConfig(uint32_t SysTick_CLKSource)
 224:Drivers/STM32F4xx_StdPeriph_Driver/src/misc.c **** {
 376              		.loc 1 224 1
 377              		.cfi_startproc
 378              		@ args = 0, pretend = 0, frame = 8
 379              		@ frame_needed = 1, uses_anonymous_args = 0
 380              		@ link register save eliminated.
 381 0000 80B4     		push	{r7}
 382              	.LCFI24:
 383              		.cfi_def_cfa_offset 4
 384              		.cfi_offset 7, -4
 385 0002 83B0     		sub	sp, sp, #12
 386              	.LCFI25:
 387              		.cfi_def_cfa_offset 16
 388 0004 00AF     		add	r7, sp, #0
 389              	.LCFI26:
 390              		.cfi_def_cfa_register 7
 391 0006 7860     		str	r0, [r7, #4]
 225:Drivers/STM32F4xx_StdPeriph_Driver/src/misc.c ****   /* Check the parameters */
 226:Drivers/STM32F4xx_StdPeriph_Driver/src/misc.c ****   assert_param(IS_SYSTICK_CLK_SOURCE(SysTick_CLKSource));
 227:Drivers/STM32F4xx_StdPeriph_Driver/src/misc.c ****   if (SysTick_CLKSource == SysTick_CLKSource_HCLK)
 392              		.loc 1 227 6
 393 0008 7B68     		ldr	r3, [r7, #4]
 394 000a 042B     		cmp	r3, #4
ARM GAS  C:\Users\Admin\AppData\Local\Temp\ccnUgPIl.s 			page 12


 395 000c 06D1     		bne	.L20
 228:Drivers/STM32F4xx_StdPeriph_Driver/src/misc.c ****   {
 229:Drivers/STM32F4xx_StdPeriph_Driver/src/misc.c ****     SysTick->CTRL |= SysTick_CLKSource_HCLK;
 396              		.loc 1 229 19
 397 000e 094B     		ldr	r3, .L23
 398 0010 1B68     		ldr	r3, [r3]
 399 0012 084A     		ldr	r2, .L23
 400 0014 43F00403 		orr	r3, r3, #4
 401 0018 1360     		str	r3, [r2]
 230:Drivers/STM32F4xx_StdPeriph_Driver/src/misc.c ****   }
 231:Drivers/STM32F4xx_StdPeriph_Driver/src/misc.c ****   else
 232:Drivers/STM32F4xx_StdPeriph_Driver/src/misc.c ****   {
 233:Drivers/STM32F4xx_StdPeriph_Driver/src/misc.c ****     SysTick->CTRL &= SysTick_CLKSource_HCLK_Div8;
 234:Drivers/STM32F4xx_StdPeriph_Driver/src/misc.c ****   }
 235:Drivers/STM32F4xx_StdPeriph_Driver/src/misc.c **** }
 402              		.loc 1 235 1
 403 001a 05E0     		b	.L22
 404              	.L20:
 233:Drivers/STM32F4xx_StdPeriph_Driver/src/misc.c ****   }
 405              		.loc 1 233 19
 406 001c 054B     		ldr	r3, .L23
 407 001e 1B68     		ldr	r3, [r3]
 408 0020 044A     		ldr	r2, .L23
 409 0022 23F00403 		bic	r3, r3, #4
 410 0026 1360     		str	r3, [r2]
 411              	.L22:
 412              		.loc 1 235 1
 413 0028 00BF     		nop
 414 002a 0C37     		adds	r7, r7, #12
 415              	.LCFI27:
 416              		.cfi_def_cfa_offset 4
 417 002c BD46     		mov	sp, r7
 418              	.LCFI28:
 419              		.cfi_def_cfa_register 13
 420              		@ sp needed
 421 002e 5DF8047B 		ldr	r7, [sp], #4
 422              	.LCFI29:
 423              		.cfi_restore 7
 424              		.cfi_def_cfa_offset 0
 425 0032 7047     		bx	lr
 426              	.L24:
 427              		.align	2
 428              	.L23:
 429 0034 10E000E0 		.word	-536813552
 430              		.cfi_endproc
 431              	.LFE134:
 433              		.text
 434              	.Letext0:
 435              		.file 2 "c:\\program files (x86)\\gnu arm embedded toolchain\\10 2021.10\\arm-none-eabi\\include\\
 436              		.file 3 "c:\\program files (x86)\\gnu arm embedded toolchain\\10 2021.10\\arm-none-eabi\\include\\
 437              		.file 4 "Drivers/CMSIS/Include/core_cm4.h"
 438              		.file 5 "Drivers/CMSIS/Device/ST/STM32F4xx/Include/stm32f4xx.h"
 439              		.file 6 "Drivers/STM32F4xx_StdPeriph_Driver/inc/misc.h"
ARM GAS  C:\Users\Admin\AppData\Local\Temp\ccnUgPIl.s 			page 13


DEFINED SYMBOLS
                            *ABS*:00000000 misc.c
C:\Users\Admin\AppData\Local\Temp\ccnUgPIl.s:20     .text.NVIC_PriorityGroupConfig:00000000 $t
C:\Users\Admin\AppData\Local\Temp\ccnUgPIl.s:26     .text.NVIC_PriorityGroupConfig:00000000 NVIC_PriorityGroupConfig
C:\Users\Admin\AppData\Local\Temp\ccnUgPIl.s:70     .text.NVIC_PriorityGroupConfig:00000024 $d
C:\Users\Admin\AppData\Local\Temp\ccnUgPIl.s:75     .text.NVIC_Init:00000000 $t
C:\Users\Admin\AppData\Local\Temp\ccnUgPIl.s:81     .text.NVIC_Init:00000000 NVIC_Init
C:\Users\Admin\AppData\Local\Temp\ccnUgPIl.s:228    .text.NVIC_Init:000000bc $d
C:\Users\Admin\AppData\Local\Temp\ccnUgPIl.s:234    .text.NVIC_SetVectorTable:00000000 $t
C:\Users\Admin\AppData\Local\Temp\ccnUgPIl.s:240    .text.NVIC_SetVectorTable:00000000 NVIC_SetVectorTable
C:\Users\Admin\AppData\Local\Temp\ccnUgPIl.s:287    .text.NVIC_SetVectorTable:00000028 $d
C:\Users\Admin\AppData\Local\Temp\ccnUgPIl.s:292    .text.NVIC_SystemLPConfig:00000000 $t
C:\Users\Admin\AppData\Local\Temp\ccnUgPIl.s:298    .text.NVIC_SystemLPConfig:00000000 NVIC_SystemLPConfig
C:\Users\Admin\AppData\Local\Temp\ccnUgPIl.s:363    .text.NVIC_SystemLPConfig:00000040 $d
C:\Users\Admin\AppData\Local\Temp\ccnUgPIl.s:368    .text.SysTick_CLKSourceConfig:00000000 $t
C:\Users\Admin\AppData\Local\Temp\ccnUgPIl.s:374    .text.SysTick_CLKSourceConfig:00000000 SysTick_CLKSourceConfig
C:\Users\Admin\AppData\Local\Temp\ccnUgPIl.s:429    .text.SysTick_CLKSourceConfig:00000034 $d

NO UNDEFINED SYMBOLS
