ARM GAS  C:\Users\Admin\AppData\Local\Temp\ccNfVPrC.s 			page 1


   1              		.cpu cortex-m4
   2              		.arch armv7e-m
   3              		.fpu fpv4-sp-d16
   4              		.eabi_attribute 27, 1
   5              		.eabi_attribute 28, 1
   6              		.eabi_attribute 20, 1
   7              		.eabi_attribute 21, 1
   8              		.eabi_attribute 23, 3
   9              		.eabi_attribute 24, 1
  10              		.eabi_attribute 25, 1
  11              		.eabi_attribute 26, 1
  12              		.eabi_attribute 30, 6
  13              		.eabi_attribute 34, 1
  14              		.eabi_attribute 18, 4
  15              		.file	"stm32f4xx_exti.c"
  16              		.text
  17              	.Ltext0:
  18              		.cfi_sections	.debug_frame
  19              		.section	.text.EXTI_DeInit,"ax",%progbits
  20              		.align	1
  21              		.global	EXTI_DeInit
  22              		.syntax unified
  23              		.thumb
  24              		.thumb_func
  26              	EXTI_DeInit:
  27              	.LFB130:
  28              		.file 1 "Drivers/STM32F4xx_StdPeriph_Driver/src/stm32f4xx_exti.c"
   1:Drivers/STM32F4xx_StdPeriph_Driver/src/stm32f4xx_exti.c **** /**
   2:Drivers/STM32F4xx_StdPeriph_Driver/src/stm32f4xx_exti.c ****   ******************************************************************************
   3:Drivers/STM32F4xx_StdPeriph_Driver/src/stm32f4xx_exti.c ****   * @file    stm32f4xx_exti.c
   4:Drivers/STM32F4xx_StdPeriph_Driver/src/stm32f4xx_exti.c ****   * @author  MCD Application Team
   5:Drivers/STM32F4xx_StdPeriph_Driver/src/stm32f4xx_exti.c ****   * @version V1.8.0
   6:Drivers/STM32F4xx_StdPeriph_Driver/src/stm32f4xx_exti.c ****   * @date    04-November-2016
   7:Drivers/STM32F4xx_StdPeriph_Driver/src/stm32f4xx_exti.c ****   * @brief   This file provides firmware functions to manage the following 
   8:Drivers/STM32F4xx_StdPeriph_Driver/src/stm32f4xx_exti.c ****   *          functionalities of the EXTI peripheral:
   9:Drivers/STM32F4xx_StdPeriph_Driver/src/stm32f4xx_exti.c ****   *           + Initialization and Configuration
  10:Drivers/STM32F4xx_StdPeriph_Driver/src/stm32f4xx_exti.c ****   *           + Interrupts and flags management
  11:Drivers/STM32F4xx_StdPeriph_Driver/src/stm32f4xx_exti.c ****   *
  12:Drivers/STM32F4xx_StdPeriph_Driver/src/stm32f4xx_exti.c **** @verbatim  
  13:Drivers/STM32F4xx_StdPeriph_Driver/src/stm32f4xx_exti.c **** 
  14:Drivers/STM32F4xx_StdPeriph_Driver/src/stm32f4xx_exti.c ****  ===============================================================================
  15:Drivers/STM32F4xx_StdPeriph_Driver/src/stm32f4xx_exti.c ****                               ##### EXTI features #####
  16:Drivers/STM32F4xx_StdPeriph_Driver/src/stm32f4xx_exti.c ****  ===============================================================================
  17:Drivers/STM32F4xx_StdPeriph_Driver/src/stm32f4xx_exti.c **** 
  18:Drivers/STM32F4xx_StdPeriph_Driver/src/stm32f4xx_exti.c ****  [..] External interrupt/event lines are mapped as following:
  19:Drivers/STM32F4xx_StdPeriph_Driver/src/stm32f4xx_exti.c ****    (#) All available GPIO pins are connected to the 16 external 
  20:Drivers/STM32F4xx_StdPeriph_Driver/src/stm32f4xx_exti.c ****        interrupt/event lines from EXTI0 to EXTI15.
  21:Drivers/STM32F4xx_StdPeriph_Driver/src/stm32f4xx_exti.c ****    (#) EXTI line 16 is connected to the PVD Output
  22:Drivers/STM32F4xx_StdPeriph_Driver/src/stm32f4xx_exti.c ****    (#) EXTI line 17 is connected to the RTC Alarm event
  23:Drivers/STM32F4xx_StdPeriph_Driver/src/stm32f4xx_exti.c ****    (#) EXTI line 18 is connected to the USB OTG FS Wakeup from suspend event
  24:Drivers/STM32F4xx_StdPeriph_Driver/src/stm32f4xx_exti.c ****    (#) EXTI line 19 is connected to the Ethernet Wakeup event
  25:Drivers/STM32F4xx_StdPeriph_Driver/src/stm32f4xx_exti.c ****    (#) EXTI line 20 is connected to the USB OTG HS (configured in FS) Wakeup event 
  26:Drivers/STM32F4xx_StdPeriph_Driver/src/stm32f4xx_exti.c ****    (#) EXTI line 21 is connected to the RTC Tamper and Time Stamp events
  27:Drivers/STM32F4xx_StdPeriph_Driver/src/stm32f4xx_exti.c ****    (#) EXTI line 22 is connected to the RTC Wakeup event
  28:Drivers/STM32F4xx_StdPeriph_Driver/src/stm32f4xx_exti.c ****    (#) EXTI line 23 is connected to the LPTIM Wakeup event 
  29:Drivers/STM32F4xx_StdPeriph_Driver/src/stm32f4xx_exti.c **** 
  30:Drivers/STM32F4xx_StdPeriph_Driver/src/stm32f4xx_exti.c ****                        ##### How to use this driver #####
ARM GAS  C:\Users\Admin\AppData\Local\Temp\ccNfVPrC.s 			page 2


  31:Drivers/STM32F4xx_StdPeriph_Driver/src/stm32f4xx_exti.c ****  ===============================================================================
  32:Drivers/STM32F4xx_StdPeriph_Driver/src/stm32f4xx_exti.c ****  
  33:Drivers/STM32F4xx_StdPeriph_Driver/src/stm32f4xx_exti.c ****  [..] In order to use an I/O pin as an external interrupt source, follow steps 
  34:Drivers/STM32F4xx_StdPeriph_Driver/src/stm32f4xx_exti.c ****       below:
  35:Drivers/STM32F4xx_StdPeriph_Driver/src/stm32f4xx_exti.c ****    (#) Configure the I/O in input mode using GPIO_Init()
  36:Drivers/STM32F4xx_StdPeriph_Driver/src/stm32f4xx_exti.c ****    (#) Select the input source pin for the EXTI line using SYSCFG_EXTILineConfig()
  37:Drivers/STM32F4xx_StdPeriph_Driver/src/stm32f4xx_exti.c ****    (#) Select the mode(interrupt, event) and configure the trigger 
  38:Drivers/STM32F4xx_StdPeriph_Driver/src/stm32f4xx_exti.c ****        selection (Rising, falling or both) using EXTI_Init()
  39:Drivers/STM32F4xx_StdPeriph_Driver/src/stm32f4xx_exti.c ****    (#) Configure NVIC IRQ channel mapped to the EXTI line using NVIC_Init()
  40:Drivers/STM32F4xx_StdPeriph_Driver/src/stm32f4xx_exti.c **** 
  41:Drivers/STM32F4xx_StdPeriph_Driver/src/stm32f4xx_exti.c ****  [..]     
  42:Drivers/STM32F4xx_StdPeriph_Driver/src/stm32f4xx_exti.c ****    (@) SYSCFG APB clock must be enabled to get write access to SYSCFG_EXTICRx
  43:Drivers/STM32F4xx_StdPeriph_Driver/src/stm32f4xx_exti.c ****        registers using RCC_APB2PeriphClockCmd(RCC_APB2Periph_SYSCFG, ENABLE);
  44:Drivers/STM32F4xx_StdPeriph_Driver/src/stm32f4xx_exti.c **** 
  45:Drivers/STM32F4xx_StdPeriph_Driver/src/stm32f4xx_exti.c **** @endverbatim
  46:Drivers/STM32F4xx_StdPeriph_Driver/src/stm32f4xx_exti.c ****   *
  47:Drivers/STM32F4xx_StdPeriph_Driver/src/stm32f4xx_exti.c ****   ******************************************************************************
  48:Drivers/STM32F4xx_StdPeriph_Driver/src/stm32f4xx_exti.c ****   * @attention
  49:Drivers/STM32F4xx_StdPeriph_Driver/src/stm32f4xx_exti.c ****   *
  50:Drivers/STM32F4xx_StdPeriph_Driver/src/stm32f4xx_exti.c ****   * <h2><center>&copy; COPYRIGHT 2016 STMicroelectronics</center></h2>
  51:Drivers/STM32F4xx_StdPeriph_Driver/src/stm32f4xx_exti.c ****   *
  52:Drivers/STM32F4xx_StdPeriph_Driver/src/stm32f4xx_exti.c ****   * Licensed under MCD-ST Liberty SW License Agreement V2, (the "License");
  53:Drivers/STM32F4xx_StdPeriph_Driver/src/stm32f4xx_exti.c ****   * You may not use this file except in compliance with the License.
  54:Drivers/STM32F4xx_StdPeriph_Driver/src/stm32f4xx_exti.c ****   * You may obtain a copy of the License at:
  55:Drivers/STM32F4xx_StdPeriph_Driver/src/stm32f4xx_exti.c ****   *
  56:Drivers/STM32F4xx_StdPeriph_Driver/src/stm32f4xx_exti.c ****   *        http://www.st.com/software_license_agreement_liberty_v2
  57:Drivers/STM32F4xx_StdPeriph_Driver/src/stm32f4xx_exti.c ****   *
  58:Drivers/STM32F4xx_StdPeriph_Driver/src/stm32f4xx_exti.c ****   * Unless required by applicable law or agreed to in writing, software 
  59:Drivers/STM32F4xx_StdPeriph_Driver/src/stm32f4xx_exti.c ****   * distributed under the License is distributed on an "AS IS" BASIS, 
  60:Drivers/STM32F4xx_StdPeriph_Driver/src/stm32f4xx_exti.c ****   * WITHOUT WARRANTIES OR CONDITIONS OF ANY KIND, either express or implied.
  61:Drivers/STM32F4xx_StdPeriph_Driver/src/stm32f4xx_exti.c ****   * See the License for the specific language governing permissions and
  62:Drivers/STM32F4xx_StdPeriph_Driver/src/stm32f4xx_exti.c ****   * limitations under the License.
  63:Drivers/STM32F4xx_StdPeriph_Driver/src/stm32f4xx_exti.c ****   *
  64:Drivers/STM32F4xx_StdPeriph_Driver/src/stm32f4xx_exti.c ****   ******************************************************************************
  65:Drivers/STM32F4xx_StdPeriph_Driver/src/stm32f4xx_exti.c ****   */
  66:Drivers/STM32F4xx_StdPeriph_Driver/src/stm32f4xx_exti.c **** 
  67:Drivers/STM32F4xx_StdPeriph_Driver/src/stm32f4xx_exti.c **** /* Includes ------------------------------------------------------------------*/
  68:Drivers/STM32F4xx_StdPeriph_Driver/src/stm32f4xx_exti.c **** #include "stm32f4xx_exti.h"
  69:Drivers/STM32F4xx_StdPeriph_Driver/src/stm32f4xx_exti.c **** 
  70:Drivers/STM32F4xx_StdPeriph_Driver/src/stm32f4xx_exti.c **** /** @addtogroup STM32F4xx_StdPeriph_Driver
  71:Drivers/STM32F4xx_StdPeriph_Driver/src/stm32f4xx_exti.c ****   * @{
  72:Drivers/STM32F4xx_StdPeriph_Driver/src/stm32f4xx_exti.c ****   */
  73:Drivers/STM32F4xx_StdPeriph_Driver/src/stm32f4xx_exti.c **** 
  74:Drivers/STM32F4xx_StdPeriph_Driver/src/stm32f4xx_exti.c **** /** @defgroup EXTI 
  75:Drivers/STM32F4xx_StdPeriph_Driver/src/stm32f4xx_exti.c ****   * @brief EXTI driver modules
  76:Drivers/STM32F4xx_StdPeriph_Driver/src/stm32f4xx_exti.c ****   * @{
  77:Drivers/STM32F4xx_StdPeriph_Driver/src/stm32f4xx_exti.c ****   */
  78:Drivers/STM32F4xx_StdPeriph_Driver/src/stm32f4xx_exti.c **** 
  79:Drivers/STM32F4xx_StdPeriph_Driver/src/stm32f4xx_exti.c **** /* Private typedef -----------------------------------------------------------*/
  80:Drivers/STM32F4xx_StdPeriph_Driver/src/stm32f4xx_exti.c **** /* Private define ------------------------------------------------------------*/
  81:Drivers/STM32F4xx_StdPeriph_Driver/src/stm32f4xx_exti.c **** 
  82:Drivers/STM32F4xx_StdPeriph_Driver/src/stm32f4xx_exti.c **** #define EXTI_LINENONE    ((uint32_t)0x00000)  /* No interrupt selected */
  83:Drivers/STM32F4xx_StdPeriph_Driver/src/stm32f4xx_exti.c **** 
  84:Drivers/STM32F4xx_StdPeriph_Driver/src/stm32f4xx_exti.c **** /* Private macro -------------------------------------------------------------*/
  85:Drivers/STM32F4xx_StdPeriph_Driver/src/stm32f4xx_exti.c **** /* Private variables ---------------------------------------------------------*/
  86:Drivers/STM32F4xx_StdPeriph_Driver/src/stm32f4xx_exti.c **** /* Private function prototypes -----------------------------------------------*/
  87:Drivers/STM32F4xx_StdPeriph_Driver/src/stm32f4xx_exti.c **** /* Private functions ---------------------------------------------------------*/
ARM GAS  C:\Users\Admin\AppData\Local\Temp\ccNfVPrC.s 			page 3


  88:Drivers/STM32F4xx_StdPeriph_Driver/src/stm32f4xx_exti.c **** 
  89:Drivers/STM32F4xx_StdPeriph_Driver/src/stm32f4xx_exti.c **** /** @defgroup EXTI_Private_Functions
  90:Drivers/STM32F4xx_StdPeriph_Driver/src/stm32f4xx_exti.c ****   * @{
  91:Drivers/STM32F4xx_StdPeriph_Driver/src/stm32f4xx_exti.c ****   */
  92:Drivers/STM32F4xx_StdPeriph_Driver/src/stm32f4xx_exti.c **** 
  93:Drivers/STM32F4xx_StdPeriph_Driver/src/stm32f4xx_exti.c **** /** @defgroup EXTI_Group1 Initialization and Configuration functions
  94:Drivers/STM32F4xx_StdPeriph_Driver/src/stm32f4xx_exti.c ****  *  @brief   Initialization and Configuration functions 
  95:Drivers/STM32F4xx_StdPeriph_Driver/src/stm32f4xx_exti.c ****  *
  96:Drivers/STM32F4xx_StdPeriph_Driver/src/stm32f4xx_exti.c **** @verbatim   
  97:Drivers/STM32F4xx_StdPeriph_Driver/src/stm32f4xx_exti.c ****  ===============================================================================
  98:Drivers/STM32F4xx_StdPeriph_Driver/src/stm32f4xx_exti.c ****              ##### Initialization and Configuration functions #####
  99:Drivers/STM32F4xx_StdPeriph_Driver/src/stm32f4xx_exti.c ****  ===============================================================================
 100:Drivers/STM32F4xx_StdPeriph_Driver/src/stm32f4xx_exti.c **** 
 101:Drivers/STM32F4xx_StdPeriph_Driver/src/stm32f4xx_exti.c **** @endverbatim
 102:Drivers/STM32F4xx_StdPeriph_Driver/src/stm32f4xx_exti.c ****   * @{
 103:Drivers/STM32F4xx_StdPeriph_Driver/src/stm32f4xx_exti.c ****   */
 104:Drivers/STM32F4xx_StdPeriph_Driver/src/stm32f4xx_exti.c **** 
 105:Drivers/STM32F4xx_StdPeriph_Driver/src/stm32f4xx_exti.c **** /**
 106:Drivers/STM32F4xx_StdPeriph_Driver/src/stm32f4xx_exti.c ****   * @brief  Deinitializes the EXTI peripheral registers to their default reset values.
 107:Drivers/STM32F4xx_StdPeriph_Driver/src/stm32f4xx_exti.c ****   * @param  None
 108:Drivers/STM32F4xx_StdPeriph_Driver/src/stm32f4xx_exti.c ****   * @retval None
 109:Drivers/STM32F4xx_StdPeriph_Driver/src/stm32f4xx_exti.c ****   */
 110:Drivers/STM32F4xx_StdPeriph_Driver/src/stm32f4xx_exti.c **** void EXTI_DeInit(void)
 111:Drivers/STM32F4xx_StdPeriph_Driver/src/stm32f4xx_exti.c **** {
  29              		.loc 1 111 1
  30              		.cfi_startproc
  31              		@ args = 0, pretend = 0, frame = 0
  32              		@ frame_needed = 1, uses_anonymous_args = 0
  33              		@ link register save eliminated.
  34 0000 80B4     		push	{r7}
  35              	.LCFI0:
  36              		.cfi_def_cfa_offset 4
  37              		.cfi_offset 7, -4
  38 0002 00AF     		add	r7, sp, #0
  39              	.LCFI1:
  40              		.cfi_def_cfa_register 7
 112:Drivers/STM32F4xx_StdPeriph_Driver/src/stm32f4xx_exti.c ****   EXTI->IMR = 0x00000000;
  41              		.loc 1 112 7
  42 0004 094B     		ldr	r3, .L2
  43              		.loc 1 112 13
  44 0006 0022     		movs	r2, #0
  45 0008 1A60     		str	r2, [r3]
 113:Drivers/STM32F4xx_StdPeriph_Driver/src/stm32f4xx_exti.c ****   EXTI->EMR = 0x00000000;
  46              		.loc 1 113 7
  47 000a 084B     		ldr	r3, .L2
  48              		.loc 1 113 13
  49 000c 0022     		movs	r2, #0
  50 000e 5A60     		str	r2, [r3, #4]
 114:Drivers/STM32F4xx_StdPeriph_Driver/src/stm32f4xx_exti.c ****   EXTI->RTSR = 0x00000000;
  51              		.loc 1 114 7
  52 0010 064B     		ldr	r3, .L2
  53              		.loc 1 114 14
  54 0012 0022     		movs	r2, #0
  55 0014 9A60     		str	r2, [r3, #8]
 115:Drivers/STM32F4xx_StdPeriph_Driver/src/stm32f4xx_exti.c ****   EXTI->FTSR = 0x00000000;
  56              		.loc 1 115 7
  57 0016 054B     		ldr	r3, .L2
ARM GAS  C:\Users\Admin\AppData\Local\Temp\ccNfVPrC.s 			page 4


  58              		.loc 1 115 14
  59 0018 0022     		movs	r2, #0
  60 001a DA60     		str	r2, [r3, #12]
 116:Drivers/STM32F4xx_StdPeriph_Driver/src/stm32f4xx_exti.c ****   EXTI->PR = 0x007FFFFF;
  61              		.loc 1 116 7
  62 001c 034B     		ldr	r3, .L2
  63              		.loc 1 116 12
  64 001e 044A     		ldr	r2, .L2+4
  65 0020 5A61     		str	r2, [r3, #20]
 117:Drivers/STM32F4xx_StdPeriph_Driver/src/stm32f4xx_exti.c **** }
  66              		.loc 1 117 1
  67 0022 00BF     		nop
  68 0024 BD46     		mov	sp, r7
  69              	.LCFI2:
  70              		.cfi_def_cfa_register 13
  71              		@ sp needed
  72 0026 5DF8047B 		ldr	r7, [sp], #4
  73              	.LCFI3:
  74              		.cfi_restore 7
  75              		.cfi_def_cfa_offset 0
  76 002a 7047     		bx	lr
  77              	.L3:
  78              		.align	2
  79              	.L2:
  80 002c 003C0140 		.word	1073822720
  81 0030 FFFF7F00 		.word	8388607
  82              		.cfi_endproc
  83              	.LFE130:
  85              		.section	.text.EXTI_Init,"ax",%progbits
  86              		.align	1
  87              		.global	EXTI_Init
  88              		.syntax unified
  89              		.thumb
  90              		.thumb_func
  92              	EXTI_Init:
  93              	.LFB131:
 118:Drivers/STM32F4xx_StdPeriph_Driver/src/stm32f4xx_exti.c **** 
 119:Drivers/STM32F4xx_StdPeriph_Driver/src/stm32f4xx_exti.c **** /**
 120:Drivers/STM32F4xx_StdPeriph_Driver/src/stm32f4xx_exti.c ****   * @brief  Initializes the EXTI peripheral according to the specified
 121:Drivers/STM32F4xx_StdPeriph_Driver/src/stm32f4xx_exti.c ****   *         parameters in the EXTI_InitStruct.
 122:Drivers/STM32F4xx_StdPeriph_Driver/src/stm32f4xx_exti.c ****   * @param  EXTI_InitStruct: pointer to a EXTI_InitTypeDef structure
 123:Drivers/STM32F4xx_StdPeriph_Driver/src/stm32f4xx_exti.c ****   *         that contains the configuration information for the EXTI peripheral.
 124:Drivers/STM32F4xx_StdPeriph_Driver/src/stm32f4xx_exti.c ****   * @retval None
 125:Drivers/STM32F4xx_StdPeriph_Driver/src/stm32f4xx_exti.c ****   */
 126:Drivers/STM32F4xx_StdPeriph_Driver/src/stm32f4xx_exti.c **** void EXTI_Init(EXTI_InitTypeDef* EXTI_InitStruct)
 127:Drivers/STM32F4xx_StdPeriph_Driver/src/stm32f4xx_exti.c **** {
  94              		.loc 1 127 1
  95              		.cfi_startproc
  96              		@ args = 0, pretend = 0, frame = 16
  97              		@ frame_needed = 1, uses_anonymous_args = 0
  98              		@ link register save eliminated.
  99 0000 80B4     		push	{r7}
 100              	.LCFI4:
 101              		.cfi_def_cfa_offset 4
 102              		.cfi_offset 7, -4
 103 0002 85B0     		sub	sp, sp, #20
 104              	.LCFI5:
ARM GAS  C:\Users\Admin\AppData\Local\Temp\ccNfVPrC.s 			page 5


 105              		.cfi_def_cfa_offset 24
 106 0004 00AF     		add	r7, sp, #0
 107              	.LCFI6:
 108              		.cfi_def_cfa_register 7
 109 0006 7860     		str	r0, [r7, #4]
 128:Drivers/STM32F4xx_StdPeriph_Driver/src/stm32f4xx_exti.c ****   uint32_t tmp = 0;
 110              		.loc 1 128 12
 111 0008 0023     		movs	r3, #0
 112 000a FB60     		str	r3, [r7, #12]
 129:Drivers/STM32F4xx_StdPeriph_Driver/src/stm32f4xx_exti.c **** 
 130:Drivers/STM32F4xx_StdPeriph_Driver/src/stm32f4xx_exti.c ****   /* Check the parameters */
 131:Drivers/STM32F4xx_StdPeriph_Driver/src/stm32f4xx_exti.c ****   assert_param(IS_EXTI_MODE(EXTI_InitStruct->EXTI_Mode));
 132:Drivers/STM32F4xx_StdPeriph_Driver/src/stm32f4xx_exti.c ****   assert_param(IS_EXTI_TRIGGER(EXTI_InitStruct->EXTI_Trigger));
 133:Drivers/STM32F4xx_StdPeriph_Driver/src/stm32f4xx_exti.c ****   assert_param(IS_EXTI_LINE(EXTI_InitStruct->EXTI_Line));  
 134:Drivers/STM32F4xx_StdPeriph_Driver/src/stm32f4xx_exti.c ****   assert_param(IS_FUNCTIONAL_STATE(EXTI_InitStruct->EXTI_LineCmd));
 135:Drivers/STM32F4xx_StdPeriph_Driver/src/stm32f4xx_exti.c **** 
 136:Drivers/STM32F4xx_StdPeriph_Driver/src/stm32f4xx_exti.c ****   tmp = (uint32_t)EXTI_BASE;
 113              		.loc 1 136 7
 114 000c 344B     		ldr	r3, .L9
 115 000e FB60     		str	r3, [r7, #12]
 137:Drivers/STM32F4xx_StdPeriph_Driver/src/stm32f4xx_exti.c ****      
 138:Drivers/STM32F4xx_StdPeriph_Driver/src/stm32f4xx_exti.c ****   if (EXTI_InitStruct->EXTI_LineCmd != DISABLE)
 116              		.loc 1 138 22
 117 0010 7B68     		ldr	r3, [r7, #4]
 118 0012 9B79     		ldrb	r3, [r3, #6]	@ zero_extendqisi2
 119              		.loc 1 138 6
 120 0014 002B     		cmp	r3, #0
 121 0016 4FD0     		beq	.L5
 139:Drivers/STM32F4xx_StdPeriph_Driver/src/stm32f4xx_exti.c ****   {
 140:Drivers/STM32F4xx_StdPeriph_Driver/src/stm32f4xx_exti.c ****     /* Clear EXTI line configuration */
 141:Drivers/STM32F4xx_StdPeriph_Driver/src/stm32f4xx_exti.c ****     EXTI->IMR &= ~EXTI_InitStruct->EXTI_Line;
 122              		.loc 1 141 15
 123 0018 314B     		ldr	r3, .L9
 124 001a 1A68     		ldr	r2, [r3]
 125              		.loc 1 141 34
 126 001c 7B68     		ldr	r3, [r7, #4]
 127 001e 1B68     		ldr	r3, [r3]
 128              		.loc 1 141 18
 129 0020 DB43     		mvns	r3, r3
 130              		.loc 1 141 15
 131 0022 2F49     		ldr	r1, .L9
 132 0024 1340     		ands	r3, r3, r2
 133 0026 0B60     		str	r3, [r1]
 142:Drivers/STM32F4xx_StdPeriph_Driver/src/stm32f4xx_exti.c ****     EXTI->EMR &= ~EXTI_InitStruct->EXTI_Line;
 134              		.loc 1 142 15
 135 0028 2D4B     		ldr	r3, .L9
 136 002a 5A68     		ldr	r2, [r3, #4]
 137              		.loc 1 142 34
 138 002c 7B68     		ldr	r3, [r7, #4]
 139 002e 1B68     		ldr	r3, [r3]
 140              		.loc 1 142 18
 141 0030 DB43     		mvns	r3, r3
 142              		.loc 1 142 15
 143 0032 2B49     		ldr	r1, .L9
 144 0034 1340     		ands	r3, r3, r2
 145 0036 4B60     		str	r3, [r1, #4]
 143:Drivers/STM32F4xx_StdPeriph_Driver/src/stm32f4xx_exti.c ****     
ARM GAS  C:\Users\Admin\AppData\Local\Temp\ccNfVPrC.s 			page 6


 144:Drivers/STM32F4xx_StdPeriph_Driver/src/stm32f4xx_exti.c ****     tmp += EXTI_InitStruct->EXTI_Mode;
 146              		.loc 1 144 27
 147 0038 7B68     		ldr	r3, [r7, #4]
 148 003a 1B79     		ldrb	r3, [r3, #4]	@ zero_extendqisi2
 149 003c 1A46     		mov	r2, r3
 150              		.loc 1 144 9
 151 003e FB68     		ldr	r3, [r7, #12]
 152 0040 1344     		add	r3, r3, r2
 153 0042 FB60     		str	r3, [r7, #12]
 145:Drivers/STM32F4xx_StdPeriph_Driver/src/stm32f4xx_exti.c **** 
 146:Drivers/STM32F4xx_StdPeriph_Driver/src/stm32f4xx_exti.c ****     *(__IO uint32_t *) tmp |= EXTI_InitStruct->EXTI_Line;
 154              		.loc 1 146 28
 155 0044 FB68     		ldr	r3, [r7, #12]
 156 0046 1968     		ldr	r1, [r3]
 157              		.loc 1 146 46
 158 0048 7B68     		ldr	r3, [r7, #4]
 159 004a 1A68     		ldr	r2, [r3]
 160              		.loc 1 146 28
 161 004c FB68     		ldr	r3, [r7, #12]
 162 004e 0A43     		orrs	r2, r2, r1
 163 0050 1A60     		str	r2, [r3]
 147:Drivers/STM32F4xx_StdPeriph_Driver/src/stm32f4xx_exti.c **** 
 148:Drivers/STM32F4xx_StdPeriph_Driver/src/stm32f4xx_exti.c ****     /* Clear Rising Falling edge configuration */
 149:Drivers/STM32F4xx_StdPeriph_Driver/src/stm32f4xx_exti.c ****     EXTI->RTSR &= ~EXTI_InitStruct->EXTI_Line;
 164              		.loc 1 149 16
 165 0052 234B     		ldr	r3, .L9
 166 0054 9A68     		ldr	r2, [r3, #8]
 167              		.loc 1 149 35
 168 0056 7B68     		ldr	r3, [r7, #4]
 169 0058 1B68     		ldr	r3, [r3]
 170              		.loc 1 149 19
 171 005a DB43     		mvns	r3, r3
 172              		.loc 1 149 16
 173 005c 2049     		ldr	r1, .L9
 174 005e 1340     		ands	r3, r3, r2
 175 0060 8B60     		str	r3, [r1, #8]
 150:Drivers/STM32F4xx_StdPeriph_Driver/src/stm32f4xx_exti.c ****     EXTI->FTSR &= ~EXTI_InitStruct->EXTI_Line;
 176              		.loc 1 150 16
 177 0062 1F4B     		ldr	r3, .L9
 178 0064 DA68     		ldr	r2, [r3, #12]
 179              		.loc 1 150 35
 180 0066 7B68     		ldr	r3, [r7, #4]
 181 0068 1B68     		ldr	r3, [r3]
 182              		.loc 1 150 19
 183 006a DB43     		mvns	r3, r3
 184              		.loc 1 150 16
 185 006c 1C49     		ldr	r1, .L9
 186 006e 1340     		ands	r3, r3, r2
 187 0070 CB60     		str	r3, [r1, #12]
 151:Drivers/STM32F4xx_StdPeriph_Driver/src/stm32f4xx_exti.c ****     
 152:Drivers/STM32F4xx_StdPeriph_Driver/src/stm32f4xx_exti.c ****     /* Select the trigger for the selected external interrupts */
 153:Drivers/STM32F4xx_StdPeriph_Driver/src/stm32f4xx_exti.c ****     if (EXTI_InitStruct->EXTI_Trigger == EXTI_Trigger_Rising_Falling)
 188              		.loc 1 153 24
 189 0072 7B68     		ldr	r3, [r7, #4]
 190 0074 5B79     		ldrb	r3, [r3, #5]	@ zero_extendqisi2
 191              		.loc 1 153 8
 192 0076 102B     		cmp	r3, #16
ARM GAS  C:\Users\Admin\AppData\Local\Temp\ccNfVPrC.s 			page 7


 193 0078 0ED1     		bne	.L6
 154:Drivers/STM32F4xx_StdPeriph_Driver/src/stm32f4xx_exti.c ****     {
 155:Drivers/STM32F4xx_StdPeriph_Driver/src/stm32f4xx_exti.c ****       /* Rising Falling edge */
 156:Drivers/STM32F4xx_StdPeriph_Driver/src/stm32f4xx_exti.c ****       EXTI->RTSR |= EXTI_InitStruct->EXTI_Line;
 194              		.loc 1 156 18
 195 007a 194B     		ldr	r3, .L9
 196 007c 9A68     		ldr	r2, [r3, #8]
 197              		.loc 1 156 36
 198 007e 7B68     		ldr	r3, [r7, #4]
 199 0080 1B68     		ldr	r3, [r3]
 200              		.loc 1 156 18
 201 0082 1749     		ldr	r1, .L9
 202 0084 1343     		orrs	r3, r3, r2
 203 0086 8B60     		str	r3, [r1, #8]
 157:Drivers/STM32F4xx_StdPeriph_Driver/src/stm32f4xx_exti.c ****       EXTI->FTSR |= EXTI_InitStruct->EXTI_Line;
 204              		.loc 1 157 18
 205 0088 154B     		ldr	r3, .L9
 206 008a DA68     		ldr	r2, [r3, #12]
 207              		.loc 1 157 36
 208 008c 7B68     		ldr	r3, [r7, #4]
 209 008e 1B68     		ldr	r3, [r3]
 210              		.loc 1 157 18
 211 0090 1349     		ldr	r1, .L9
 212 0092 1343     		orrs	r3, r3, r2
 213 0094 CB60     		str	r3, [r1, #12]
 158:Drivers/STM32F4xx_StdPeriph_Driver/src/stm32f4xx_exti.c ****     }
 159:Drivers/STM32F4xx_StdPeriph_Driver/src/stm32f4xx_exti.c ****     else
 160:Drivers/STM32F4xx_StdPeriph_Driver/src/stm32f4xx_exti.c ****     {
 161:Drivers/STM32F4xx_StdPeriph_Driver/src/stm32f4xx_exti.c ****       tmp = (uint32_t)EXTI_BASE;
 162:Drivers/STM32F4xx_StdPeriph_Driver/src/stm32f4xx_exti.c ****       tmp += EXTI_InitStruct->EXTI_Trigger;
 163:Drivers/STM32F4xx_StdPeriph_Driver/src/stm32f4xx_exti.c **** 
 164:Drivers/STM32F4xx_StdPeriph_Driver/src/stm32f4xx_exti.c ****       *(__IO uint32_t *) tmp |= EXTI_InitStruct->EXTI_Line;
 165:Drivers/STM32F4xx_StdPeriph_Driver/src/stm32f4xx_exti.c ****     }
 166:Drivers/STM32F4xx_StdPeriph_Driver/src/stm32f4xx_exti.c ****   }
 167:Drivers/STM32F4xx_StdPeriph_Driver/src/stm32f4xx_exti.c ****   else
 168:Drivers/STM32F4xx_StdPeriph_Driver/src/stm32f4xx_exti.c ****   {
 169:Drivers/STM32F4xx_StdPeriph_Driver/src/stm32f4xx_exti.c ****     tmp += EXTI_InitStruct->EXTI_Mode;
 170:Drivers/STM32F4xx_StdPeriph_Driver/src/stm32f4xx_exti.c **** 
 171:Drivers/STM32F4xx_StdPeriph_Driver/src/stm32f4xx_exti.c ****     /* Disable the selected external lines */
 172:Drivers/STM32F4xx_StdPeriph_Driver/src/stm32f4xx_exti.c ****     *(__IO uint32_t *) tmp &= ~EXTI_InitStruct->EXTI_Line;
 173:Drivers/STM32F4xx_StdPeriph_Driver/src/stm32f4xx_exti.c ****   }
 174:Drivers/STM32F4xx_StdPeriph_Driver/src/stm32f4xx_exti.c **** }
 214              		.loc 1 174 1
 215 0096 1DE0     		b	.L8
 216              	.L6:
 161:Drivers/STM32F4xx_StdPeriph_Driver/src/stm32f4xx_exti.c ****       tmp += EXTI_InitStruct->EXTI_Trigger;
 217              		.loc 1 161 11
 218 0098 114B     		ldr	r3, .L9
 219 009a FB60     		str	r3, [r7, #12]
 162:Drivers/STM32F4xx_StdPeriph_Driver/src/stm32f4xx_exti.c **** 
 220              		.loc 1 162 29
 221 009c 7B68     		ldr	r3, [r7, #4]
 222 009e 5B79     		ldrb	r3, [r3, #5]	@ zero_extendqisi2
 223 00a0 1A46     		mov	r2, r3
 162:Drivers/STM32F4xx_StdPeriph_Driver/src/stm32f4xx_exti.c **** 
 224              		.loc 1 162 11
 225 00a2 FB68     		ldr	r3, [r7, #12]
ARM GAS  C:\Users\Admin\AppData\Local\Temp\ccNfVPrC.s 			page 8


 226 00a4 1344     		add	r3, r3, r2
 227 00a6 FB60     		str	r3, [r7, #12]
 164:Drivers/STM32F4xx_StdPeriph_Driver/src/stm32f4xx_exti.c ****     }
 228              		.loc 1 164 30
 229 00a8 FB68     		ldr	r3, [r7, #12]
 230 00aa 1968     		ldr	r1, [r3]
 164:Drivers/STM32F4xx_StdPeriph_Driver/src/stm32f4xx_exti.c ****     }
 231              		.loc 1 164 48
 232 00ac 7B68     		ldr	r3, [r7, #4]
 233 00ae 1A68     		ldr	r2, [r3]
 164:Drivers/STM32F4xx_StdPeriph_Driver/src/stm32f4xx_exti.c ****     }
 234              		.loc 1 164 30
 235 00b0 FB68     		ldr	r3, [r7, #12]
 236 00b2 0A43     		orrs	r2, r2, r1
 237 00b4 1A60     		str	r2, [r3]
 238              		.loc 1 174 1
 239 00b6 0DE0     		b	.L8
 240              	.L5:
 169:Drivers/STM32F4xx_StdPeriph_Driver/src/stm32f4xx_exti.c **** 
 241              		.loc 1 169 27
 242 00b8 7B68     		ldr	r3, [r7, #4]
 243 00ba 1B79     		ldrb	r3, [r3, #4]	@ zero_extendqisi2
 244 00bc 1A46     		mov	r2, r3
 169:Drivers/STM32F4xx_StdPeriph_Driver/src/stm32f4xx_exti.c **** 
 245              		.loc 1 169 9
 246 00be FB68     		ldr	r3, [r7, #12]
 247 00c0 1344     		add	r3, r3, r2
 248 00c2 FB60     		str	r3, [r7, #12]
 172:Drivers/STM32F4xx_StdPeriph_Driver/src/stm32f4xx_exti.c ****   }
 249              		.loc 1 172 28
 250 00c4 FB68     		ldr	r3, [r7, #12]
 251 00c6 1968     		ldr	r1, [r3]
 172:Drivers/STM32F4xx_StdPeriph_Driver/src/stm32f4xx_exti.c ****   }
 252              		.loc 1 172 47
 253 00c8 7B68     		ldr	r3, [r7, #4]
 254 00ca 1B68     		ldr	r3, [r3]
 172:Drivers/STM32F4xx_StdPeriph_Driver/src/stm32f4xx_exti.c ****   }
 255              		.loc 1 172 31
 256 00cc DA43     		mvns	r2, r3
 172:Drivers/STM32F4xx_StdPeriph_Driver/src/stm32f4xx_exti.c ****   }
 257              		.loc 1 172 28
 258 00ce FB68     		ldr	r3, [r7, #12]
 259 00d0 0A40     		ands	r2, r2, r1
 260 00d2 1A60     		str	r2, [r3]
 261              	.L8:
 262              		.loc 1 174 1
 263 00d4 00BF     		nop
 264 00d6 1437     		adds	r7, r7, #20
 265              	.LCFI7:
 266              		.cfi_def_cfa_offset 4
 267 00d8 BD46     		mov	sp, r7
 268              	.LCFI8:
 269              		.cfi_def_cfa_register 13
 270              		@ sp needed
 271 00da 5DF8047B 		ldr	r7, [sp], #4
 272              	.LCFI9:
 273              		.cfi_restore 7
ARM GAS  C:\Users\Admin\AppData\Local\Temp\ccNfVPrC.s 			page 9


 274              		.cfi_def_cfa_offset 0
 275 00de 7047     		bx	lr
 276              	.L10:
 277              		.align	2
 278              	.L9:
 279 00e0 003C0140 		.word	1073822720
 280              		.cfi_endproc
 281              	.LFE131:
 283              		.section	.text.EXTI_StructInit,"ax",%progbits
 284              		.align	1
 285              		.global	EXTI_StructInit
 286              		.syntax unified
 287              		.thumb
 288              		.thumb_func
 290              	EXTI_StructInit:
 291              	.LFB132:
 175:Drivers/STM32F4xx_StdPeriph_Driver/src/stm32f4xx_exti.c **** 
 176:Drivers/STM32F4xx_StdPeriph_Driver/src/stm32f4xx_exti.c **** /**
 177:Drivers/STM32F4xx_StdPeriph_Driver/src/stm32f4xx_exti.c ****   * @brief  Fills each EXTI_InitStruct member with its reset value.
 178:Drivers/STM32F4xx_StdPeriph_Driver/src/stm32f4xx_exti.c ****   * @param  EXTI_InitStruct: pointer to a EXTI_InitTypeDef structure which will
 179:Drivers/STM32F4xx_StdPeriph_Driver/src/stm32f4xx_exti.c ****   *         be initialized.
 180:Drivers/STM32F4xx_StdPeriph_Driver/src/stm32f4xx_exti.c ****   * @retval None
 181:Drivers/STM32F4xx_StdPeriph_Driver/src/stm32f4xx_exti.c ****   */
 182:Drivers/STM32F4xx_StdPeriph_Driver/src/stm32f4xx_exti.c **** void EXTI_StructInit(EXTI_InitTypeDef* EXTI_InitStruct)
 183:Drivers/STM32F4xx_StdPeriph_Driver/src/stm32f4xx_exti.c **** {
 292              		.loc 1 183 1
 293              		.cfi_startproc
 294              		@ args = 0, pretend = 0, frame = 8
 295              		@ frame_needed = 1, uses_anonymous_args = 0
 296              		@ link register save eliminated.
 297 0000 80B4     		push	{r7}
 298              	.LCFI10:
 299              		.cfi_def_cfa_offset 4
 300              		.cfi_offset 7, -4
 301 0002 83B0     		sub	sp, sp, #12
 302              	.LCFI11:
 303              		.cfi_def_cfa_offset 16
 304 0004 00AF     		add	r7, sp, #0
 305              	.LCFI12:
 306              		.cfi_def_cfa_register 7
 307 0006 7860     		str	r0, [r7, #4]
 184:Drivers/STM32F4xx_StdPeriph_Driver/src/stm32f4xx_exti.c ****   EXTI_InitStruct->EXTI_Line = EXTI_LINENONE;
 308              		.loc 1 184 30
 309 0008 7B68     		ldr	r3, [r7, #4]
 310 000a 0022     		movs	r2, #0
 311 000c 1A60     		str	r2, [r3]
 185:Drivers/STM32F4xx_StdPeriph_Driver/src/stm32f4xx_exti.c ****   EXTI_InitStruct->EXTI_Mode = EXTI_Mode_Interrupt;
 312              		.loc 1 185 30
 313 000e 7B68     		ldr	r3, [r7, #4]
 314 0010 0022     		movs	r2, #0
 315 0012 1A71     		strb	r2, [r3, #4]
 186:Drivers/STM32F4xx_StdPeriph_Driver/src/stm32f4xx_exti.c ****   EXTI_InitStruct->EXTI_Trigger = EXTI_Trigger_Falling;
 316              		.loc 1 186 33
 317 0014 7B68     		ldr	r3, [r7, #4]
 318 0016 0C22     		movs	r2, #12
 319 0018 5A71     		strb	r2, [r3, #5]
 187:Drivers/STM32F4xx_StdPeriph_Driver/src/stm32f4xx_exti.c ****   EXTI_InitStruct->EXTI_LineCmd = DISABLE;
ARM GAS  C:\Users\Admin\AppData\Local\Temp\ccNfVPrC.s 			page 10


 320              		.loc 1 187 33
 321 001a 7B68     		ldr	r3, [r7, #4]
 322 001c 0022     		movs	r2, #0
 323 001e 9A71     		strb	r2, [r3, #6]
 188:Drivers/STM32F4xx_StdPeriph_Driver/src/stm32f4xx_exti.c **** }
 324              		.loc 1 188 1
 325 0020 00BF     		nop
 326 0022 0C37     		adds	r7, r7, #12
 327              	.LCFI13:
 328              		.cfi_def_cfa_offset 4
 329 0024 BD46     		mov	sp, r7
 330              	.LCFI14:
 331              		.cfi_def_cfa_register 13
 332              		@ sp needed
 333 0026 5DF8047B 		ldr	r7, [sp], #4
 334              	.LCFI15:
 335              		.cfi_restore 7
 336              		.cfi_def_cfa_offset 0
 337 002a 7047     		bx	lr
 338              		.cfi_endproc
 339              	.LFE132:
 341              		.section	.text.EXTI_GenerateSWInterrupt,"ax",%progbits
 342              		.align	1
 343              		.global	EXTI_GenerateSWInterrupt
 344              		.syntax unified
 345              		.thumb
 346              		.thumb_func
 348              	EXTI_GenerateSWInterrupt:
 349              	.LFB133:
 189:Drivers/STM32F4xx_StdPeriph_Driver/src/stm32f4xx_exti.c **** 
 190:Drivers/STM32F4xx_StdPeriph_Driver/src/stm32f4xx_exti.c **** /**
 191:Drivers/STM32F4xx_StdPeriph_Driver/src/stm32f4xx_exti.c ****   * @brief  Generates a Software interrupt on selected EXTI line.
 192:Drivers/STM32F4xx_StdPeriph_Driver/src/stm32f4xx_exti.c ****   * @param  EXTI_Line: specifies the EXTI line on which the software interrupt
 193:Drivers/STM32F4xx_StdPeriph_Driver/src/stm32f4xx_exti.c ****   *         will be generated.
 194:Drivers/STM32F4xx_StdPeriph_Driver/src/stm32f4xx_exti.c ****   *         This parameter can be any combination of EXTI_Linex where x can be (0..22)
 195:Drivers/STM32F4xx_StdPeriph_Driver/src/stm32f4xx_exti.c ****   * @retval None
 196:Drivers/STM32F4xx_StdPeriph_Driver/src/stm32f4xx_exti.c ****   */
 197:Drivers/STM32F4xx_StdPeriph_Driver/src/stm32f4xx_exti.c **** void EXTI_GenerateSWInterrupt(uint32_t EXTI_Line)
 198:Drivers/STM32F4xx_StdPeriph_Driver/src/stm32f4xx_exti.c **** {
 350              		.loc 1 198 1
 351              		.cfi_startproc
 352              		@ args = 0, pretend = 0, frame = 8
 353              		@ frame_needed = 1, uses_anonymous_args = 0
 354              		@ link register save eliminated.
 355 0000 80B4     		push	{r7}
 356              	.LCFI16:
 357              		.cfi_def_cfa_offset 4
 358              		.cfi_offset 7, -4
 359 0002 83B0     		sub	sp, sp, #12
 360              	.LCFI17:
 361              		.cfi_def_cfa_offset 16
 362 0004 00AF     		add	r7, sp, #0
 363              	.LCFI18:
 364              		.cfi_def_cfa_register 7
 365 0006 7860     		str	r0, [r7, #4]
 199:Drivers/STM32F4xx_StdPeriph_Driver/src/stm32f4xx_exti.c ****   /* Check the parameters */
 200:Drivers/STM32F4xx_StdPeriph_Driver/src/stm32f4xx_exti.c ****   assert_param(IS_EXTI_LINE(EXTI_Line));
ARM GAS  C:\Users\Admin\AppData\Local\Temp\ccNfVPrC.s 			page 11


 201:Drivers/STM32F4xx_StdPeriph_Driver/src/stm32f4xx_exti.c ****   
 202:Drivers/STM32F4xx_StdPeriph_Driver/src/stm32f4xx_exti.c ****   EXTI->SWIER |= EXTI_Line;
 366              		.loc 1 202 15
 367 0008 054B     		ldr	r3, .L13
 368 000a 1A69     		ldr	r2, [r3, #16]
 369 000c 0449     		ldr	r1, .L13
 370 000e 7B68     		ldr	r3, [r7, #4]
 371 0010 1343     		orrs	r3, r3, r2
 372 0012 0B61     		str	r3, [r1, #16]
 203:Drivers/STM32F4xx_StdPeriph_Driver/src/stm32f4xx_exti.c **** }
 373              		.loc 1 203 1
 374 0014 00BF     		nop
 375 0016 0C37     		adds	r7, r7, #12
 376              	.LCFI19:
 377              		.cfi_def_cfa_offset 4
 378 0018 BD46     		mov	sp, r7
 379              	.LCFI20:
 380              		.cfi_def_cfa_register 13
 381              		@ sp needed
 382 001a 5DF8047B 		ldr	r7, [sp], #4
 383              	.LCFI21:
 384              		.cfi_restore 7
 385              		.cfi_def_cfa_offset 0
 386 001e 7047     		bx	lr
 387              	.L14:
 388              		.align	2
 389              	.L13:
 390 0020 003C0140 		.word	1073822720
 391              		.cfi_endproc
 392              	.LFE133:
 394              		.section	.text.EXTI_GetFlagStatus,"ax",%progbits
 395              		.align	1
 396              		.global	EXTI_GetFlagStatus
 397              		.syntax unified
 398              		.thumb
 399              		.thumb_func
 401              	EXTI_GetFlagStatus:
 402              	.LFB134:
 204:Drivers/STM32F4xx_StdPeriph_Driver/src/stm32f4xx_exti.c **** 
 205:Drivers/STM32F4xx_StdPeriph_Driver/src/stm32f4xx_exti.c **** /**
 206:Drivers/STM32F4xx_StdPeriph_Driver/src/stm32f4xx_exti.c ****   * @}
 207:Drivers/STM32F4xx_StdPeriph_Driver/src/stm32f4xx_exti.c ****   */
 208:Drivers/STM32F4xx_StdPeriph_Driver/src/stm32f4xx_exti.c **** 
 209:Drivers/STM32F4xx_StdPeriph_Driver/src/stm32f4xx_exti.c **** /** @defgroup EXTI_Group2 Interrupts and flags management functions
 210:Drivers/STM32F4xx_StdPeriph_Driver/src/stm32f4xx_exti.c ****  *  @brief   Interrupts and flags management functions 
 211:Drivers/STM32F4xx_StdPeriph_Driver/src/stm32f4xx_exti.c ****  *
 212:Drivers/STM32F4xx_StdPeriph_Driver/src/stm32f4xx_exti.c **** @verbatim   
 213:Drivers/STM32F4xx_StdPeriph_Driver/src/stm32f4xx_exti.c ****  ===============================================================================
 214:Drivers/STM32F4xx_StdPeriph_Driver/src/stm32f4xx_exti.c ****              ##### Interrupts and flags management functions #####
 215:Drivers/STM32F4xx_StdPeriph_Driver/src/stm32f4xx_exti.c ****  ===============================================================================
 216:Drivers/STM32F4xx_StdPeriph_Driver/src/stm32f4xx_exti.c **** 
 217:Drivers/STM32F4xx_StdPeriph_Driver/src/stm32f4xx_exti.c **** @endverbatim
 218:Drivers/STM32F4xx_StdPeriph_Driver/src/stm32f4xx_exti.c ****   * @{
 219:Drivers/STM32F4xx_StdPeriph_Driver/src/stm32f4xx_exti.c ****   */
 220:Drivers/STM32F4xx_StdPeriph_Driver/src/stm32f4xx_exti.c **** 
 221:Drivers/STM32F4xx_StdPeriph_Driver/src/stm32f4xx_exti.c **** /**
 222:Drivers/STM32F4xx_StdPeriph_Driver/src/stm32f4xx_exti.c ****   * @brief  Checks whether the specified EXTI line flag is set or not.
ARM GAS  C:\Users\Admin\AppData\Local\Temp\ccNfVPrC.s 			page 12


 223:Drivers/STM32F4xx_StdPeriph_Driver/src/stm32f4xx_exti.c ****   * @param  EXTI_Line: specifies the EXTI line flag to check.
 224:Drivers/STM32F4xx_StdPeriph_Driver/src/stm32f4xx_exti.c ****   *          This parameter can be EXTI_Linex where x can be(0..22)
 225:Drivers/STM32F4xx_StdPeriph_Driver/src/stm32f4xx_exti.c ****   * @retval The new state of EXTI_Line (SET or RESET).
 226:Drivers/STM32F4xx_StdPeriph_Driver/src/stm32f4xx_exti.c ****   */
 227:Drivers/STM32F4xx_StdPeriph_Driver/src/stm32f4xx_exti.c **** FlagStatus EXTI_GetFlagStatus(uint32_t EXTI_Line)
 228:Drivers/STM32F4xx_StdPeriph_Driver/src/stm32f4xx_exti.c **** {
 403              		.loc 1 228 1
 404              		.cfi_startproc
 405              		@ args = 0, pretend = 0, frame = 16
 406              		@ frame_needed = 1, uses_anonymous_args = 0
 407              		@ link register save eliminated.
 408 0000 80B4     		push	{r7}
 409              	.LCFI22:
 410              		.cfi_def_cfa_offset 4
 411              		.cfi_offset 7, -4
 412 0002 85B0     		sub	sp, sp, #20
 413              	.LCFI23:
 414              		.cfi_def_cfa_offset 24
 415 0004 00AF     		add	r7, sp, #0
 416              	.LCFI24:
 417              		.cfi_def_cfa_register 7
 418 0006 7860     		str	r0, [r7, #4]
 229:Drivers/STM32F4xx_StdPeriph_Driver/src/stm32f4xx_exti.c ****   FlagStatus bitstatus = RESET;
 419              		.loc 1 229 14
 420 0008 0023     		movs	r3, #0
 421 000a FB73     		strb	r3, [r7, #15]
 230:Drivers/STM32F4xx_StdPeriph_Driver/src/stm32f4xx_exti.c ****   /* Check the parameters */
 231:Drivers/STM32F4xx_StdPeriph_Driver/src/stm32f4xx_exti.c ****   assert_param(IS_GET_EXTI_LINE(EXTI_Line));
 232:Drivers/STM32F4xx_StdPeriph_Driver/src/stm32f4xx_exti.c ****   
 233:Drivers/STM32F4xx_StdPeriph_Driver/src/stm32f4xx_exti.c ****   if ((EXTI->PR & EXTI_Line) != (uint32_t)RESET)
 422              		.loc 1 233 12
 423 000c 084B     		ldr	r3, .L19
 424 000e 5A69     		ldr	r2, [r3, #20]
 425              		.loc 1 233 17
 426 0010 7B68     		ldr	r3, [r7, #4]
 427 0012 1340     		ands	r3, r3, r2
 428              		.loc 1 233 6
 429 0014 002B     		cmp	r3, #0
 430 0016 02D0     		beq	.L16
 234:Drivers/STM32F4xx_StdPeriph_Driver/src/stm32f4xx_exti.c ****   {
 235:Drivers/STM32F4xx_StdPeriph_Driver/src/stm32f4xx_exti.c ****     bitstatus = SET;
 431              		.loc 1 235 15
 432 0018 0123     		movs	r3, #1
 433 001a FB73     		strb	r3, [r7, #15]
 434 001c 01E0     		b	.L17
 435              	.L16:
 236:Drivers/STM32F4xx_StdPeriph_Driver/src/stm32f4xx_exti.c ****   }
 237:Drivers/STM32F4xx_StdPeriph_Driver/src/stm32f4xx_exti.c ****   else
 238:Drivers/STM32F4xx_StdPeriph_Driver/src/stm32f4xx_exti.c ****   {
 239:Drivers/STM32F4xx_StdPeriph_Driver/src/stm32f4xx_exti.c ****     bitstatus = RESET;
 436              		.loc 1 239 15
 437 001e 0023     		movs	r3, #0
 438 0020 FB73     		strb	r3, [r7, #15]
 439              	.L17:
 240:Drivers/STM32F4xx_StdPeriph_Driver/src/stm32f4xx_exti.c ****   }
 241:Drivers/STM32F4xx_StdPeriph_Driver/src/stm32f4xx_exti.c ****   return bitstatus;
 440              		.loc 1 241 10
ARM GAS  C:\Users\Admin\AppData\Local\Temp\ccNfVPrC.s 			page 13


 441 0022 FB7B     		ldrb	r3, [r7, #15]	@ zero_extendqisi2
 242:Drivers/STM32F4xx_StdPeriph_Driver/src/stm32f4xx_exti.c **** }
 442              		.loc 1 242 1
 443 0024 1846     		mov	r0, r3
 444 0026 1437     		adds	r7, r7, #20
 445              	.LCFI25:
 446              		.cfi_def_cfa_offset 4
 447 0028 BD46     		mov	sp, r7
 448              	.LCFI26:
 449              		.cfi_def_cfa_register 13
 450              		@ sp needed
 451 002a 5DF8047B 		ldr	r7, [sp], #4
 452              	.LCFI27:
 453              		.cfi_restore 7
 454              		.cfi_def_cfa_offset 0
 455 002e 7047     		bx	lr
 456              	.L20:
 457              		.align	2
 458              	.L19:
 459 0030 003C0140 		.word	1073822720
 460              		.cfi_endproc
 461              	.LFE134:
 463              		.section	.text.EXTI_ClearFlag,"ax",%progbits
 464              		.align	1
 465              		.global	EXTI_ClearFlag
 466              		.syntax unified
 467              		.thumb
 468              		.thumb_func
 470              	EXTI_ClearFlag:
 471              	.LFB135:
 243:Drivers/STM32F4xx_StdPeriph_Driver/src/stm32f4xx_exti.c **** 
 244:Drivers/STM32F4xx_StdPeriph_Driver/src/stm32f4xx_exti.c **** /**
 245:Drivers/STM32F4xx_StdPeriph_Driver/src/stm32f4xx_exti.c ****   * @brief  Clears the EXTI's line pending flags.
 246:Drivers/STM32F4xx_StdPeriph_Driver/src/stm32f4xx_exti.c ****   * @param  EXTI_Line: specifies the EXTI lines flags to clear.
 247:Drivers/STM32F4xx_StdPeriph_Driver/src/stm32f4xx_exti.c ****   *          This parameter can be any combination of EXTI_Linex where x can be (0..22)
 248:Drivers/STM32F4xx_StdPeriph_Driver/src/stm32f4xx_exti.c ****   * @retval None
 249:Drivers/STM32F4xx_StdPeriph_Driver/src/stm32f4xx_exti.c ****   */
 250:Drivers/STM32F4xx_StdPeriph_Driver/src/stm32f4xx_exti.c **** void EXTI_ClearFlag(uint32_t EXTI_Line)
 251:Drivers/STM32F4xx_StdPeriph_Driver/src/stm32f4xx_exti.c **** {
 472              		.loc 1 251 1
 473              		.cfi_startproc
 474              		@ args = 0, pretend = 0, frame = 8
 475              		@ frame_needed = 1, uses_anonymous_args = 0
 476              		@ link register save eliminated.
 477 0000 80B4     		push	{r7}
 478              	.LCFI28:
 479              		.cfi_def_cfa_offset 4
 480              		.cfi_offset 7, -4
 481 0002 83B0     		sub	sp, sp, #12
 482              	.LCFI29:
 483              		.cfi_def_cfa_offset 16
 484 0004 00AF     		add	r7, sp, #0
 485              	.LCFI30:
 486              		.cfi_def_cfa_register 7
 487 0006 7860     		str	r0, [r7, #4]
 252:Drivers/STM32F4xx_StdPeriph_Driver/src/stm32f4xx_exti.c ****   /* Check the parameters */
 253:Drivers/STM32F4xx_StdPeriph_Driver/src/stm32f4xx_exti.c ****   assert_param(IS_EXTI_LINE(EXTI_Line));
ARM GAS  C:\Users\Admin\AppData\Local\Temp\ccNfVPrC.s 			page 14


 254:Drivers/STM32F4xx_StdPeriph_Driver/src/stm32f4xx_exti.c ****   
 255:Drivers/STM32F4xx_StdPeriph_Driver/src/stm32f4xx_exti.c ****   EXTI->PR = EXTI_Line;
 488              		.loc 1 255 7
 489 0008 044A     		ldr	r2, .L22
 490              		.loc 1 255 12
 491 000a 7B68     		ldr	r3, [r7, #4]
 492 000c 5361     		str	r3, [r2, #20]
 256:Drivers/STM32F4xx_StdPeriph_Driver/src/stm32f4xx_exti.c **** }
 493              		.loc 1 256 1
 494 000e 00BF     		nop
 495 0010 0C37     		adds	r7, r7, #12
 496              	.LCFI31:
 497              		.cfi_def_cfa_offset 4
 498 0012 BD46     		mov	sp, r7
 499              	.LCFI32:
 500              		.cfi_def_cfa_register 13
 501              		@ sp needed
 502 0014 5DF8047B 		ldr	r7, [sp], #4
 503              	.LCFI33:
 504              		.cfi_restore 7
 505              		.cfi_def_cfa_offset 0
 506 0018 7047     		bx	lr
 507              	.L23:
 508 001a 00BF     		.align	2
 509              	.L22:
 510 001c 003C0140 		.word	1073822720
 511              		.cfi_endproc
 512              	.LFE135:
 514              		.section	.text.EXTI_GetITStatus,"ax",%progbits
 515              		.align	1
 516              		.global	EXTI_GetITStatus
 517              		.syntax unified
 518              		.thumb
 519              		.thumb_func
 521              	EXTI_GetITStatus:
 522              	.LFB136:
 257:Drivers/STM32F4xx_StdPeriph_Driver/src/stm32f4xx_exti.c **** 
 258:Drivers/STM32F4xx_StdPeriph_Driver/src/stm32f4xx_exti.c **** /**
 259:Drivers/STM32F4xx_StdPeriph_Driver/src/stm32f4xx_exti.c ****   * @brief  Checks whether the specified EXTI line is asserted or not.
 260:Drivers/STM32F4xx_StdPeriph_Driver/src/stm32f4xx_exti.c ****   * @param  EXTI_Line: specifies the EXTI line to check.
 261:Drivers/STM32F4xx_StdPeriph_Driver/src/stm32f4xx_exti.c ****   *          This parameter can be EXTI_Linex where x can be(0..22)
 262:Drivers/STM32F4xx_StdPeriph_Driver/src/stm32f4xx_exti.c ****   * @retval The new state of EXTI_Line (SET or RESET).
 263:Drivers/STM32F4xx_StdPeriph_Driver/src/stm32f4xx_exti.c ****   */
 264:Drivers/STM32F4xx_StdPeriph_Driver/src/stm32f4xx_exti.c **** ITStatus EXTI_GetITStatus(uint32_t EXTI_Line)
 265:Drivers/STM32F4xx_StdPeriph_Driver/src/stm32f4xx_exti.c **** {
 523              		.loc 1 265 1
 524              		.cfi_startproc
 525              		@ args = 0, pretend = 0, frame = 16
 526              		@ frame_needed = 1, uses_anonymous_args = 0
 527              		@ link register save eliminated.
 528 0000 80B4     		push	{r7}
 529              	.LCFI34:
 530              		.cfi_def_cfa_offset 4
 531              		.cfi_offset 7, -4
 532 0002 85B0     		sub	sp, sp, #20
 533              	.LCFI35:
 534              		.cfi_def_cfa_offset 24
ARM GAS  C:\Users\Admin\AppData\Local\Temp\ccNfVPrC.s 			page 15


 535 0004 00AF     		add	r7, sp, #0
 536              	.LCFI36:
 537              		.cfi_def_cfa_register 7
 538 0006 7860     		str	r0, [r7, #4]
 266:Drivers/STM32F4xx_StdPeriph_Driver/src/stm32f4xx_exti.c ****   FlagStatus bitstatus = RESET;
 539              		.loc 1 266 14
 540 0008 0023     		movs	r3, #0
 541 000a FB73     		strb	r3, [r7, #15]
 267:Drivers/STM32F4xx_StdPeriph_Driver/src/stm32f4xx_exti.c ****   /* Check the parameters */
 268:Drivers/STM32F4xx_StdPeriph_Driver/src/stm32f4xx_exti.c ****   assert_param(IS_GET_EXTI_LINE(EXTI_Line));
 269:Drivers/STM32F4xx_StdPeriph_Driver/src/stm32f4xx_exti.c ****   
 270:Drivers/STM32F4xx_StdPeriph_Driver/src/stm32f4xx_exti.c ****   if ((EXTI->PR & EXTI_Line) != (uint32_t)RESET)
 542              		.loc 1 270 12
 543 000c 084B     		ldr	r3, .L28
 544 000e 5A69     		ldr	r2, [r3, #20]
 545              		.loc 1 270 17
 546 0010 7B68     		ldr	r3, [r7, #4]
 547 0012 1340     		ands	r3, r3, r2
 548              		.loc 1 270 6
 549 0014 002B     		cmp	r3, #0
 550 0016 02D0     		beq	.L25
 271:Drivers/STM32F4xx_StdPeriph_Driver/src/stm32f4xx_exti.c ****   {
 272:Drivers/STM32F4xx_StdPeriph_Driver/src/stm32f4xx_exti.c ****     bitstatus = SET;
 551              		.loc 1 272 15
 552 0018 0123     		movs	r3, #1
 553 001a FB73     		strb	r3, [r7, #15]
 554 001c 01E0     		b	.L26
 555              	.L25:
 273:Drivers/STM32F4xx_StdPeriph_Driver/src/stm32f4xx_exti.c ****   }
 274:Drivers/STM32F4xx_StdPeriph_Driver/src/stm32f4xx_exti.c ****   else
 275:Drivers/STM32F4xx_StdPeriph_Driver/src/stm32f4xx_exti.c ****   {
 276:Drivers/STM32F4xx_StdPeriph_Driver/src/stm32f4xx_exti.c ****     bitstatus = RESET;
 556              		.loc 1 276 15
 557 001e 0023     		movs	r3, #0
 558 0020 FB73     		strb	r3, [r7, #15]
 559              	.L26:
 277:Drivers/STM32F4xx_StdPeriph_Driver/src/stm32f4xx_exti.c ****   }
 278:Drivers/STM32F4xx_StdPeriph_Driver/src/stm32f4xx_exti.c ****   return bitstatus;
 560              		.loc 1 278 10
 561 0022 FB7B     		ldrb	r3, [r7, #15]	@ zero_extendqisi2
 279:Drivers/STM32F4xx_StdPeriph_Driver/src/stm32f4xx_exti.c ****   
 280:Drivers/STM32F4xx_StdPeriph_Driver/src/stm32f4xx_exti.c **** }
 562              		.loc 1 280 1
 563 0024 1846     		mov	r0, r3
 564 0026 1437     		adds	r7, r7, #20
 565              	.LCFI37:
 566              		.cfi_def_cfa_offset 4
 567 0028 BD46     		mov	sp, r7
 568              	.LCFI38:
 569              		.cfi_def_cfa_register 13
 570              		@ sp needed
 571 002a 5DF8047B 		ldr	r7, [sp], #4
 572              	.LCFI39:
 573              		.cfi_restore 7
 574              		.cfi_def_cfa_offset 0
 575 002e 7047     		bx	lr
 576              	.L29:
ARM GAS  C:\Users\Admin\AppData\Local\Temp\ccNfVPrC.s 			page 16


 577              		.align	2
 578              	.L28:
 579 0030 003C0140 		.word	1073822720
 580              		.cfi_endproc
 581              	.LFE136:
 583              		.section	.text.EXTI_ClearITPendingBit,"ax",%progbits
 584              		.align	1
 585              		.global	EXTI_ClearITPendingBit
 586              		.syntax unified
 587              		.thumb
 588              		.thumb_func
 590              	EXTI_ClearITPendingBit:
 591              	.LFB137:
 281:Drivers/STM32F4xx_StdPeriph_Driver/src/stm32f4xx_exti.c **** 
 282:Drivers/STM32F4xx_StdPeriph_Driver/src/stm32f4xx_exti.c **** /**
 283:Drivers/STM32F4xx_StdPeriph_Driver/src/stm32f4xx_exti.c ****   * @brief  Clears the EXTI's line pending bits.
 284:Drivers/STM32F4xx_StdPeriph_Driver/src/stm32f4xx_exti.c ****   * @param  EXTI_Line: specifies the EXTI lines to clear.
 285:Drivers/STM32F4xx_StdPeriph_Driver/src/stm32f4xx_exti.c ****   *          This parameter can be any combination of EXTI_Linex where x can be (0..22)
 286:Drivers/STM32F4xx_StdPeriph_Driver/src/stm32f4xx_exti.c ****   * @retval None
 287:Drivers/STM32F4xx_StdPeriph_Driver/src/stm32f4xx_exti.c ****   */
 288:Drivers/STM32F4xx_StdPeriph_Driver/src/stm32f4xx_exti.c **** void EXTI_ClearITPendingBit(uint32_t EXTI_Line)
 289:Drivers/STM32F4xx_StdPeriph_Driver/src/stm32f4xx_exti.c **** {
 592              		.loc 1 289 1
 593              		.cfi_startproc
 594              		@ args = 0, pretend = 0, frame = 8
 595              		@ frame_needed = 1, uses_anonymous_args = 0
 596              		@ link register save eliminated.
 597 0000 80B4     		push	{r7}
 598              	.LCFI40:
 599              		.cfi_def_cfa_offset 4
 600              		.cfi_offset 7, -4
 601 0002 83B0     		sub	sp, sp, #12
 602              	.LCFI41:
 603              		.cfi_def_cfa_offset 16
 604 0004 00AF     		add	r7, sp, #0
 605              	.LCFI42:
 606              		.cfi_def_cfa_register 7
 607 0006 7860     		str	r0, [r7, #4]
 290:Drivers/STM32F4xx_StdPeriph_Driver/src/stm32f4xx_exti.c ****   /* Check the parameters */
 291:Drivers/STM32F4xx_StdPeriph_Driver/src/stm32f4xx_exti.c ****   assert_param(IS_EXTI_LINE(EXTI_Line));
 292:Drivers/STM32F4xx_StdPeriph_Driver/src/stm32f4xx_exti.c ****   
 293:Drivers/STM32F4xx_StdPeriph_Driver/src/stm32f4xx_exti.c ****   EXTI->PR = EXTI_Line;
 608              		.loc 1 293 7
 609 0008 044A     		ldr	r2, .L31
 610              		.loc 1 293 12
 611 000a 7B68     		ldr	r3, [r7, #4]
 612 000c 5361     		str	r3, [r2, #20]
 294:Drivers/STM32F4xx_StdPeriph_Driver/src/stm32f4xx_exti.c **** }
 613              		.loc 1 294 1
 614 000e 00BF     		nop
 615 0010 0C37     		adds	r7, r7, #12
 616              	.LCFI43:
 617              		.cfi_def_cfa_offset 4
 618 0012 BD46     		mov	sp, r7
 619              	.LCFI44:
 620              		.cfi_def_cfa_register 13
 621              		@ sp needed
ARM GAS  C:\Users\Admin\AppData\Local\Temp\ccNfVPrC.s 			page 17


 622 0014 5DF8047B 		ldr	r7, [sp], #4
 623              	.LCFI45:
 624              		.cfi_restore 7
 625              		.cfi_def_cfa_offset 0
 626 0018 7047     		bx	lr
 627              	.L32:
 628 001a 00BF     		.align	2
 629              	.L31:
 630 001c 003C0140 		.word	1073822720
 631              		.cfi_endproc
 632              	.LFE137:
 634              		.text
 635              	.Letext0:
 636              		.file 2 "c:\\program files (x86)\\gnu arm embedded toolchain\\10 2021.10\\arm-none-eabi\\include\\
 637              		.file 3 "c:\\program files (x86)\\gnu arm embedded toolchain\\10 2021.10\\arm-none-eabi\\include\\
 638              		.file 4 "Drivers/CMSIS/Device/ST/STM32F4xx/Include/stm32f4xx.h"
 639              		.file 5 "Drivers/STM32F4xx_StdPeriph_Driver/inc/stm32f4xx_exti.h"
ARM GAS  C:\Users\Admin\AppData\Local\Temp\ccNfVPrC.s 			page 18


DEFINED SYMBOLS
                            *ABS*:00000000 stm32f4xx_exti.c
C:\Users\Admin\AppData\Local\Temp\ccNfVPrC.s:20     .text.EXTI_DeInit:00000000 $t
C:\Users\Admin\AppData\Local\Temp\ccNfVPrC.s:26     .text.EXTI_DeInit:00000000 EXTI_DeInit
C:\Users\Admin\AppData\Local\Temp\ccNfVPrC.s:80     .text.EXTI_DeInit:0000002c $d
C:\Users\Admin\AppData\Local\Temp\ccNfVPrC.s:86     .text.EXTI_Init:00000000 $t
C:\Users\Admin\AppData\Local\Temp\ccNfVPrC.s:92     .text.EXTI_Init:00000000 EXTI_Init
C:\Users\Admin\AppData\Local\Temp\ccNfVPrC.s:279    .text.EXTI_Init:000000e0 $d
C:\Users\Admin\AppData\Local\Temp\ccNfVPrC.s:284    .text.EXTI_StructInit:00000000 $t
C:\Users\Admin\AppData\Local\Temp\ccNfVPrC.s:290    .text.EXTI_StructInit:00000000 EXTI_StructInit
C:\Users\Admin\AppData\Local\Temp\ccNfVPrC.s:342    .text.EXTI_GenerateSWInterrupt:00000000 $t
C:\Users\Admin\AppData\Local\Temp\ccNfVPrC.s:348    .text.EXTI_GenerateSWInterrupt:00000000 EXTI_GenerateSWInterrupt
C:\Users\Admin\AppData\Local\Temp\ccNfVPrC.s:390    .text.EXTI_GenerateSWInterrupt:00000020 $d
C:\Users\Admin\AppData\Local\Temp\ccNfVPrC.s:395    .text.EXTI_GetFlagStatus:00000000 $t
C:\Users\Admin\AppData\Local\Temp\ccNfVPrC.s:401    .text.EXTI_GetFlagStatus:00000000 EXTI_GetFlagStatus
C:\Users\Admin\AppData\Local\Temp\ccNfVPrC.s:459    .text.EXTI_GetFlagStatus:00000030 $d
C:\Users\Admin\AppData\Local\Temp\ccNfVPrC.s:464    .text.EXTI_ClearFlag:00000000 $t
C:\Users\Admin\AppData\Local\Temp\ccNfVPrC.s:470    .text.EXTI_ClearFlag:00000000 EXTI_ClearFlag
C:\Users\Admin\AppData\Local\Temp\ccNfVPrC.s:510    .text.EXTI_ClearFlag:0000001c $d
C:\Users\Admin\AppData\Local\Temp\ccNfVPrC.s:515    .text.EXTI_GetITStatus:00000000 $t
C:\Users\Admin\AppData\Local\Temp\ccNfVPrC.s:521    .text.EXTI_GetITStatus:00000000 EXTI_GetITStatus
C:\Users\Admin\AppData\Local\Temp\ccNfVPrC.s:579    .text.EXTI_GetITStatus:00000030 $d
C:\Users\Admin\AppData\Local\Temp\ccNfVPrC.s:584    .text.EXTI_ClearITPendingBit:00000000 $t
C:\Users\Admin\AppData\Local\Temp\ccNfVPrC.s:590    .text.EXTI_ClearITPendingBit:00000000 EXTI_ClearITPendingBit
C:\Users\Admin\AppData\Local\Temp\ccNfVPrC.s:630    .text.EXTI_ClearITPendingBit:0000001c $d

NO UNDEFINED SYMBOLS
